The target system is: Generic -  - 
The host system is: Darwin - 21.6.0 - x86_64
Compiling the C compiler identification source file "CMakeCCompilerId.c" succeeded.
Compiler: /Users/jeffeehsiung/.espressif/tools/xtensa-esp32s3-elf/esp-2022r1-11.2.0/xtensa-esp32s3-elf/bin/xtensa-esp32s3-elf-gcc 
Build flags: -mlongcalls;
Id flags:  

The output was:
0


Compilation of the C compiler identification source "CMakeCCompilerId.c" produced "a.out"

The C compiler identification is GNU, found in "/Users/jeffeehsiung/Desktop/Esp32/espnow_public/build/bootloader/CMakeFiles/3.24.0/CompilerIdC/a.out"

Compiling the CXX compiler identification source file "CMakeCXXCompilerId.cpp" succeeded.
Compiler: /Users/jeffeehsiung/.espressif/tools/xtensa-esp32s3-elf/esp-2022r1-11.2.0/xtensa-esp32s3-elf/bin/xtensa-esp32s3-elf-g++ 
Build flags: -mlongcalls;
Id flags:  

The output was:
0


Compilation of the CXX compiler identification source "CMakeCXXCompilerId.cpp" produced "a.out"

The CXX compiler identification is GNU, found in "/Users/jeffeehsiung/Desktop/Esp32/espnow_public/build/bootloader/CMakeFiles/3.24.0/CompilerIdCXX/a.out"

Checking whether the ASM compiler is GNU using "--version" matched "(GNU assembler)|(GCC)|(Free Software Foundation)":
xtensa-esp32s3-elf-gcc (crosstool-NG esp-2022r1) 11.2.0
Copyright (C) 2021 Free Software Foundation, Inc.
This is free software; see the source for copying conditions.  There is NO
warranty; not even for MERCHANTABILITY or FITNESS FOR A PARTICULAR PURPOSE.

Detecting C compiler ABI info compiled with the following output:
Change Dir: /Users/jeffeehsiung/Desktop/Esp32/espnow_public/build/bootloader/CMakeFiles/CMakeTmp

Run Build Command(s):/Users/jeffeehsiung/.espressif/tools/ninja/1.10.2/ninja cmTC_4d3ce && [1/2] Building C object CMakeFiles/cmTC_4d3ce.dir/CMakeCCompilerABI.c.obj
Using built-in specs.
COLLECT_GCC=/Users/jeffeehsiung/.espressif/tools/xtensa-esp32s3-elf/esp-2022r1-11.2.0/xtensa-esp32s3-elf/bin/xtensa-esp32s3-elf-gcc
Target: xtensa-esp32s3-elf
Configured with: /builds/idf/crosstool-NG/.build/HOST-x86_64-apple-darwin12/xtensa-esp32s3-elf/src/gcc/configure --build=x86_64-build_pc-linux-gnu --host=x86_64-host_apple-darwin12 --target=xtensa-esp32s3-elf --prefix=/builds/idf/crosstool-NG/builds/xtensa-esp32s3-elf --exec_prefix=/builds/idf/crosstool-NG/builds/xtensa-esp32s3-elf --with-local-prefix=/builds/idf/crosstool-NG/builds/xtensa-esp32s3-elf/xtensa-esp32s3-elf --with-headers=/builds/idf/crosstool-NG/builds/xtensa-esp32s3-elf/xtensa-esp32s3-elf/include --with-newlib --enable-threads=no --disable-shared --with-pkgversion='crosstool-NG esp-2022r1' --disable-__cxa_atexit --enable-cxx-flags=-ffunction-sections --disable-libgomp --disable-libmudflap --disable-libmpx --disable-libssp --disable-libquadmath --disable-libquadmath-support --disable-libstdcxx-verbose --with-gmp=/builds/idf/crosstool-NG/.build/HOST-x86_64-apple-darwin12/xtensa-esp32s3-elf/buildtools/complibs-host --with-mpfr=/builds/idf/crosstool-NG/.build/HOST-x86_64-apple-darwin12/xtensa-esp32s3-elf/buildtools/complibs-host --with-mpc=/builds/idf/crosstool-NG/.build/HOST-x86_64-apple-darwin12/xtensa-esp32s3-elf/buildtools/complibs-host --with-isl=/builds/idf/crosstool-NG/.build/HOST-x86_64-apple-darwin12/xtensa-esp32s3-elf/buildtools/complibs-host --enable-lto --enable-target-optspace --without-long-double-128 --disable-nls --enable-multiarch --enable-languages=c,c++ --disable-libstdcxx-verbose --enable-threads=posix --enable-gcov-custom-rtio --enable-libstdcxx-time=yes
Thread model: posix
Supported LTO compression algorithms: zlib
gcc version 11.2.0 (crosstool-NG esp-2022r1) 
COLLECT_GCC_OPTIONS='-mlongcalls' '-v' '-o' 'CMakeFiles/cmTC_4d3ce.dir/CMakeCCompilerABI.c.obj' '-c' '-dumpdir' 'CMakeFiles/cmTC_4d3ce.dir/'
 /Users/jeffeehsiung/.espressif/tools/xtensa-esp32s3-elf/esp-2022r1-11.2.0/xtensa-esp32s3-elf/bin/../libexec/gcc/xtensa-esp32s3-elf/11.2.0/cc1 -quiet -v -iprefix /Users/jeffeehsiung/.espressif/tools/xtensa-esp32s3-elf/esp-2022r1-11.2.0/xtensa-esp32s3-elf/bin/../lib/gcc/xtensa-esp32s3-elf/11.2.0/ /Users/jeffeehsiung/.espressif/tools/cmake/3.24.0/CMake.app/Contents/share/cmake-3.24/Modules/CMakeCCompilerABI.c -quiet -dumpdir CMakeFiles/cmTC_4d3ce.dir/ -dumpbase CMakeCCompilerABI.c.c -dumpbase-ext .c -mlongcalls -version -o /var/folders/xf/qvcj3gbs6hz5jjtfq9t5vyf40000gn/T//cc4Da5ND.s
GNU C17 (crosstool-NG esp-2022r1) version 11.2.0 (xtensa-esp32s3-elf)
	compiled by GNU C version 8.3.0, GMP version 6.2.1, MPFR version 4.1.0, MPC version 1.2.1, isl version isl-0.24-GMP

GGC heuristics: --param ggc-min-expand=100 --param ggc-min-heapsize=131072
ignoring duplicate directory "/Users/jeffeehsiung/.espressif/tools/xtensa-esp32s3-elf/esp-2022r1-11.2.0/xtensa-esp32s3-elf/bin/../lib/gcc/../../lib/gcc/xtensa-esp32s3-elf/11.2.0/include"
ignoring duplicate directory "/Users/jeffeehsiung/.espressif/tools/xtensa-esp32s3-elf/esp-2022r1-11.2.0/xtensa-esp32s3-elf/bin/../lib/gcc/../../lib/gcc/xtensa-esp32s3-elf/11.2.0/include-fixed"
ignoring duplicate directory "/Users/jeffeehsiung/.espressif/tools/xtensa-esp32s3-elf/esp-2022r1-11.2.0/xtensa-esp32s3-elf/bin/../lib/gcc/../../lib/gcc/xtensa-esp32s3-elf/11.2.0/../../../../xtensa-esp32s3-elf/sys-include"
ignoring duplicate directory "/Users/jeffeehsiung/.espressif/tools/xtensa-esp32s3-elf/esp-2022r1-11.2.0/xtensa-esp32s3-elf/bin/../lib/gcc/../../lib/gcc/xtensa-esp32s3-elf/11.2.0/../../../../xtensa-esp32s3-elf/include"
#include "..." search starts here:
#include <...> search starts here:
 /Users/jeffeehsiung/.espressif/tools/xtensa-esp32s3-elf/esp-2022r1-11.2.0/xtensa-esp32s3-elf/bin/../lib/gcc/xtensa-esp32s3-elf/11.2.0/include
 /Users/jeffeehsiung/.espressif/tools/xtensa-esp32s3-elf/esp-2022r1-11.2.0/xtensa-esp32s3-elf/bin/../lib/gcc/xtensa-esp32s3-elf/11.2.0/include-fixed
 /Users/jeffeehsiung/.espressif/tools/xtensa-esp32s3-elf/esp-2022r1-11.2.0/xtensa-esp32s3-elf/bin/../lib/gcc/xtensa-esp32s3-elf/11.2.0/../../../../xtensa-esp32s3-elf/sys-include
 /Users/jeffeehsiung/.espressif/tools/xtensa-esp32s3-elf/esp-2022r1-11.2.0/xtensa-esp32s3-elf/bin/../lib/gcc/xtensa-esp32s3-elf/11.2.0/../../../../xtensa-esp32s3-elf/include
End of search list.
GNU C17 (crosstool-NG esp-2022r1) version 11.2.0 (xtensa-esp32s3-elf)
	compiled by GNU C version 8.3.0, GMP version 6.2.1, MPFR version 4.1.0, MPC version 1.2.1, isl version isl-0.24-GMP

GGC heuristics: --param ggc-min-expand=100 --param ggc-min-heapsize=131072
Compiler executable checksum: 6e16b3f79070446e108d773cdc6ae7af
COLLECT_GCC_OPTIONS='-mlongcalls' '-v' '-o' 'CMakeFiles/cmTC_4d3ce.dir/CMakeCCompilerABI.c.obj' '-c' '-dumpdir' 'CMakeFiles/cmTC_4d3ce.dir/'
 /Users/jeffeehsiung/.espressif/tools/xtensa-esp32s3-elf/esp-2022r1-11.2.0/xtensa-esp32s3-elf/bin/../lib/gcc/xtensa-esp32s3-elf/11.2.0/../../../../xtensa-esp32s3-elf/bin/as --traditional-format --longcalls -o CMakeFiles/cmTC_4d3ce.dir/CMakeCCompilerABI.c.obj /var/folders/xf/qvcj3gbs6hz5jjtfq9t5vyf40000gn/T//cc4Da5ND.s
COMPILER_PATH=/Users/jeffeehsiung/.espressif/tools/xtensa-esp32s3-elf/esp-2022r1-11.2.0/xtensa-esp32s3-elf/bin/../libexec/gcc/xtensa-esp32s3-elf/11.2.0/:/Users/jeffeehsiung/.espressif/tools/xtensa-esp32s3-elf/esp-2022r1-11.2.0/xtensa-esp32s3-elf/bin/../libexec/gcc/:/Users/jeffeehsiung/.espressif/tools/xtensa-esp32s3-elf/esp-2022r1-11.2.0/xtensa-esp32s3-elf/bin/../lib/gcc/xtensa-esp32s3-elf/11.2.0/../../../../xtensa-esp32s3-elf/bin/
LIBRARY_PATH=/Users/jeffeehsiung/.espressif/tools/xtensa-esp32s3-elf/esp-2022r1-11.2.0/xtensa-esp32s3-elf/bin/../lib/gcc/xtensa-esp32s3-elf/11.2.0/:/Users/jeffeehsiung/.espressif/tools/xtensa-esp32s3-elf/esp-2022r1-11.2.0/xtensa-esp32s3-elf/bin/../lib/gcc/:/Users/jeffeehsiung/.espressif/tools/xtensa-esp32s3-elf/esp-2022r1-11.2.0/xtensa-esp32s3-elf/bin/../lib/gcc/xtensa-esp32s3-elf/11.2.0/../../../../xtensa-esp32s3-elf/lib/
COLLECT_GCC_OPTIONS='-mlongcalls' '-v' '-o' 'CMakeFiles/cmTC_4d3ce.dir/CMakeCCompilerABI.c.obj' '-c' '-dumpdir' 'CMakeFiles/cmTC_4d3ce.dir/CMakeCCompilerABI.c.'
[2/2] Linking C executable cmTC_4d3ce
Using built-in specs.
COLLECT_GCC=/Users/jeffeehsiung/.espressif/tools/xtensa-esp32s3-elf/esp-2022r1-11.2.0/xtensa-esp32s3-elf/bin/xtensa-esp32s3-elf-gcc
COLLECT_LTO_WRAPPER=/Users/jeffeehsiung/.espressif/tools/xtensa-esp32s3-elf/esp-2022r1-11.2.0/xtensa-esp32s3-elf/bin/../libexec/gcc/xtensa-esp32s3-elf/11.2.0/lto-wrapper
Target: xtensa-esp32s3-elf
Configured with: /builds/idf/crosstool-NG/.build/HOST-x86_64-apple-darwin12/xtensa-esp32s3-elf/src/gcc/configure --build=x86_64-build_pc-linux-gnu --host=x86_64-host_apple-darwin12 --target=xtensa-esp32s3-elf --prefix=/builds/idf/crosstool-NG/builds/xtensa-esp32s3-elf --exec_prefix=/builds/idf/crosstool-NG/builds/xtensa-esp32s3-elf --with-local-prefix=/builds/idf/crosstool-NG/builds/xtensa-esp32s3-elf/xtensa-esp32s3-elf --with-headers=/builds/idf/crosstool-NG/builds/xtensa-esp32s3-elf/xtensa-esp32s3-elf/include --with-newlib --enable-threads=no --disable-shared --with-pkgversion='crosstool-NG esp-2022r1' --disable-__cxa_atexit --enable-cxx-flags=-ffunction-sections --disable-libgomp --disable-libmudflap --disable-libmpx --disable-libssp --disable-libquadmath --disable-libquadmath-support --disable-libstdcxx-verbose --with-gmp=/builds/idf/crosstool-NG/.build/HOST-x86_64-apple-darwin12/xtensa-esp32s3-elf/buildtools/complibs-host --with-mpfr=/builds/idf/crosstool-NG/.build/HOST-x86_64-apple-darwin12/xtensa-esp32s3-elf/buildtools/complibs-host --with-mpc=/builds/idf/crosstool-NG/.build/HOST-x86_64-apple-darwin12/xtensa-esp32s3-elf/buildtools/complibs-host --with-isl=/builds/idf/crosstool-NG/.build/HOST-x86_64-apple-darwin12/xtensa-esp32s3-elf/buildtools/complibs-host --enable-lto --enable-target-optspace --without-long-double-128 --disable-nls --enable-multiarch --enable-languages=c,c++ --disable-libstdcxx-verbose --enable-threads=posix --enable-gcov-custom-rtio --enable-libstdcxx-time=yes
Thread model: posix
Supported LTO compression algorithms: zlib
gcc version 11.2.0 (crosstool-NG esp-2022r1) 
COMPILER_PATH=/Users/jeffeehsiung/.espressif/tools/xtensa-esp32s3-elf/esp-2022r1-11.2.0/xtensa-esp32s3-elf/bin/../libexec/gcc/xtensa-esp32s3-elf/11.2.0/:/Users/jeffeehsiung/.espressif/tools/xtensa-esp32s3-elf/esp-2022r1-11.2.0/xtensa-esp32s3-elf/bin/../libexec/gcc/:/Users/jeffeehsiung/.espressif/tools/xtensa-esp32s3-elf/esp-2022r1-11.2.0/xtensa-esp32s3-elf/bin/../lib/gcc/xtensa-esp32s3-elf/11.2.0/../../../../xtensa-esp32s3-elf/bin/
LIBRARY_PATH=/Users/jeffeehsiung/.espressif/tools/xtensa-esp32s3-elf/esp-2022r1-11.2.0/xtensa-esp32s3-elf/bin/../lib/gcc/xtensa-esp32s3-elf/11.2.0/:/Users/jeffeehsiung/.espressif/tools/xtensa-esp32s3-elf/esp-2022r1-11.2.0/xtensa-esp32s3-elf/bin/../lib/gcc/:/Users/jeffeehsiung/.espressif/tools/xtensa-esp32s3-elf/esp-2022r1-11.2.0/xtensa-esp32s3-elf/bin/../lib/gcc/xtensa-esp32s3-elf/11.2.0/../../../../xtensa-esp32s3-elf/lib/
COLLECT_GCC_OPTIONS='-mlongcalls' '-v' '-o' 'cmTC_4d3ce' '-dumpdir' 'cmTC_4d3ce.'
 /Users/jeffeehsiung/.espressif/tools/xtensa-esp32s3-elf/esp-2022r1-11.2.0/xtensa-esp32s3-elf/bin/../libexec/gcc/xtensa-esp32s3-elf/11.2.0/collect2 -plugin /Users/jeffeehsiung/.espressif/tools/xtensa-esp32s3-elf/esp-2022r1-11.2.0/xtensa-esp32s3-elf/bin/../libexec/gcc/xtensa-esp32s3-elf/11.2.0/liblto_plugin.so -plugin-opt=/Users/jeffeehsiung/.espressif/tools/xtensa-esp32s3-elf/esp-2022r1-11.2.0/xtensa-esp32s3-elf/bin/../libexec/gcc/xtensa-esp32s3-elf/11.2.0/lto-wrapper -plugin-opt=-fresolution=/var/folders/xf/qvcj3gbs6hz5jjtfq9t5vyf40000gn/T//ccqowHM2.res -plugin-opt=-pass-through=-lgcc -plugin-opt=-pass-through=-lc -plugin-opt=-pass-through=-lnosys -plugin-opt=-pass-through=-lc -plugin-opt=-pass-through=-lgcc -o cmTC_4d3ce /Users/jeffeehsiung/.espressif/tools/xtensa-esp32s3-elf/esp-2022r1-11.2.0/xtensa-esp32s3-elf/bin/../lib/gcc/xtensa-esp32s3-elf/11.2.0/../../../../xtensa-esp32s3-elf/lib/crt0.o /Users/jeffeehsiung/.espressif/tools/xtensa-esp32s3-elf/esp-2022r1-11.2.0/xtensa-esp32s3-elf/bin/../lib/gcc/xtensa-esp32s3-elf/11.2.0/crti.o /Users/jeffeehsiung/.espressif/tools/xtensa-esp32s3-elf/esp-2022r1-11.2.0/xtensa-esp32s3-elf/bin/../lib/gcc/xtensa-esp32s3-elf/11.2.0/crtbegin.o -L/Users/jeffeehsiung/.espressif/tools/xtensa-esp32s3-elf/esp-2022r1-11.2.0/xtensa-esp32s3-elf/bin/../lib/gcc/xtensa-esp32s3-elf/11.2.0 -L/Users/jeffeehsiung/.espressif/tools/xtensa-esp32s3-elf/esp-2022r1-11.2.0/xtensa-esp32s3-elf/bin/../lib/gcc -L/Users/jeffeehsiung/.espressif/tools/xtensa-esp32s3-elf/esp-2022r1-11.2.0/xtensa-esp32s3-elf/bin/../lib/gcc/xtensa-esp32s3-elf/11.2.0/../../../../xtensa-esp32s3-elf/lib CMakeFiles/cmTC_4d3ce.dir/CMakeCCompilerABI.c.obj -lgcc -lc -lnosys -lc -lgcc /Users/jeffeehsiung/.espressif/tools/xtensa-esp32s3-elf/esp-2022r1-11.2.0/xtensa-esp32s3-elf/bin/../lib/gcc/xtensa-esp32s3-elf/11.2.0/crtend.o /Users/jeffeehsiung/.espressif/tools/xtensa-esp32s3-elf/esp-2022r1-11.2.0/xtensa-esp32s3-elf/bin/../lib/gcc/xtensa-esp32s3-elf/11.2.0/crtn.o
COLLECT_GCC_OPTIONS='-mlongcalls' '-v' '-o' 'cmTC_4d3ce' '-dumpdir' 'cmTC_4d3ce.'



Parsed C implicit include dir info from above output: rv=done
  found start of include info
  found start of implicit include info
    add: [/Users/jeffeehsiung/.espressif/tools/xtensa-esp32s3-elf/esp-2022r1-11.2.0/xtensa-esp32s3-elf/bin/../lib/gcc/xtensa-esp32s3-elf/11.2.0/include]
    add: [/Users/jeffeehsiung/.espressif/tools/xtensa-esp32s3-elf/esp-2022r1-11.2.0/xtensa-esp32s3-elf/bin/../lib/gcc/xtensa-esp32s3-elf/11.2.0/include-fixed]
    add: [/Users/jeffeehsiung/.espressif/tools/xtensa-esp32s3-elf/esp-2022r1-11.2.0/xtensa-esp32s3-elf/bin/../lib/gcc/xtensa-esp32s3-elf/11.2.0/../../../../xtensa-esp32s3-elf/sys-include]
    add: [/Users/jeffeehsiung/.espressif/tools/xtensa-esp32s3-elf/esp-2022r1-11.2.0/xtensa-esp32s3-elf/bin/../lib/gcc/xtensa-esp32s3-elf/11.2.0/../../../../xtensa-esp32s3-elf/include]
  end of search list found
  collapse include dir [/Users/jeffeehsiung/.espressif/tools/xtensa-esp32s3-elf/esp-2022r1-11.2.0/xtensa-esp32s3-elf/bin/../lib/gcc/xtensa-esp32s3-elf/11.2.0/include] ==> [/Users/jeffeehsiung/.espressif/tools/xtensa-esp32s3-elf/esp-2022r1-11.2.0/xtensa-esp32s3-elf/lib/gcc/xtensa-esp32s3-elf/11.2.0/include]
  collapse include dir [/Users/jeffeehsiung/.espressif/tools/xtensa-esp32s3-elf/esp-2022r1-11.2.0/xtensa-esp32s3-elf/bin/../lib/gcc/xtensa-esp32s3-elf/11.2.0/include-fixed] ==> [/Users/jeffeehsiung/.espressif/tools/xtensa-esp32s3-elf/esp-2022r1-11.2.0/xtensa-esp32s3-elf/lib/gcc/xtensa-esp32s3-elf/11.2.0/include-fixed]
  collapse include dir [/Users/jeffeehsiung/.espressif/tools/xtensa-esp32s3-elf/esp-2022r1-11.2.0/xtensa-esp32s3-elf/bin/../lib/gcc/xtensa-esp32s3-elf/11.2.0/../../../../xtensa-esp32s3-elf/sys-include] ==> [/Users/jeffeehsiung/.espressif/tools/xtensa-esp32s3-elf/esp-2022r1-11.2.0/xtensa-esp32s3-elf/xtensa-esp32s3-elf/sys-include]
  collapse include dir [/Users/jeffeehsiung/.espressif/tools/xtensa-esp32s3-elf/esp-2022r1-11.2.0/xtensa-esp32s3-elf/bin/../lib/gcc/xtensa-esp32s3-elf/11.2.0/../../../../xtensa-esp32s3-elf/include] ==> [/Users/jeffeehsiung/.espressif/tools/xtensa-esp32s3-elf/esp-2022r1-11.2.0/xtensa-esp32s3-elf/xtensa-esp32s3-elf/include]
  implicit include dirs: [/Users/jeffeehsiung/.espressif/tools/xtensa-esp32s3-elf/esp-2022r1-11.2.0/xtensa-esp32s3-elf/lib/gcc/xtensa-esp32s3-elf/11.2.0/include;/Users/jeffeehsiung/.espressif/tools/xtensa-esp32s3-elf/esp-2022r1-11.2.0/xtensa-esp32s3-elf/lib/gcc/xtensa-esp32s3-elf/11.2.0/include-fixed;/Users/jeffeehsiung/.espressif/tools/xtensa-esp32s3-elf/esp-2022r1-11.2.0/xtensa-esp32s3-elf/xtensa-esp32s3-elf/sys-include;/Users/jeffeehsiung/.espressif/tools/xtensa-esp32s3-elf/esp-2022r1-11.2.0/xtensa-esp32s3-elf/xtensa-esp32s3-elf/include]


Parsed C implicit link information from above output:
  link line regex: [^( *|.*[/\])(xtensa-esp32s3-elf-ld|CMAKE_LINK_STARTFILE-NOTFOUND|([^/\]+-)?ld|collect2)[^/\]*( |$)]
  ignore line: [Change Dir: /Users/jeffeehsiung/Desktop/Esp32/espnow_public/build/bootloader/CMakeFiles/CMakeTmp]
  ignore line: []
  ignore line: [Run Build Command(s):/Users/jeffeehsiung/.espressif/tools/ninja/1.10.2/ninja cmTC_4d3ce && [1/2] Building C object CMakeFiles/cmTC_4d3ce.dir/CMakeCCompilerABI.c.obj]
  ignore line: [Using built-in specs.]
  ignore line: [COLLECT_GCC=/Users/jeffeehsiung/.espressif/tools/xtensa-esp32s3-elf/esp-2022r1-11.2.0/xtensa-esp32s3-elf/bin/xtensa-esp32s3-elf-gcc]
  ignore line: [Target: xtensa-esp32s3-elf]
  ignore line: [Configured with: /builds/idf/crosstool-NG/.build/HOST-x86_64-apple-darwin12/xtensa-esp32s3-elf/src/gcc/configure --build=x86_64-build_pc-linux-gnu --host=x86_64-host_apple-darwin12 --target=xtensa-esp32s3-elf --prefix=/builds/idf/crosstool-NG/builds/xtensa-esp32s3-elf --exec_prefix=/builds/idf/crosstool-NG/builds/xtensa-esp32s3-elf --with-local-prefix=/builds/idf/crosstool-NG/builds/xtensa-esp32s3-elf/xtensa-esp32s3-elf --with-headers=/builds/idf/crosstool-NG/builds/xtensa-esp32s3-elf/xtensa-esp32s3-elf/include --with-newlib --enable-threads=no --disable-shared --with-pkgversion='crosstool-NG esp-2022r1' --disable-__cxa_atexit --enable-cxx-flags=-ffunction-sections --disable-libgomp --disable-libmudflap --disable-libmpx --disable-libssp --disable-libquadmath --disable-libquadmath-support --disable-libstdcxx-verbose --with-gmp=/builds/idf/crosstool-NG/.build/HOST-x86_64-apple-darwin12/xtensa-esp32s3-elf/buildtools/complibs-host --with-mpfr=/builds/idf/crosstool-NG/.build/HOST-x86_64-apple-darwin12/xtensa-esp32s3-elf/buildtools/complibs-host --with-mpc=/builds/idf/crosstool-NG/.build/HOST-x86_64-apple-darwin12/xtensa-esp32s3-elf/buildtools/complibs-host --with-isl=/builds/idf/crosstool-NG/.build/HOST-x86_64-apple-darwin12/xtensa-esp32s3-elf/buildtools/complibs-host --enable-lto --enable-target-optspace --without-long-double-128 --disable-nls --enable-multiarch --enable-languages=c c++ --disable-libstdcxx-verbose --enable-threads=posix --enable-gcov-custom-rtio --enable-libstdcxx-time=yes]
  ignore line: [Thread model: posix]
  ignore line: [Supported LTO compression algorithms: zlib]
  ignore line: [gcc version 11.2.0 (crosstool-NG esp-2022r1) ]
  ignore line: [COLLECT_GCC_OPTIONS='-mlongcalls' '-v' '-o' 'CMakeFiles/cmTC_4d3ce.dir/CMakeCCompilerABI.c.obj' '-c' '-dumpdir' 'CMakeFiles/cmTC_4d3ce.dir/']
  ignore line: [ /Users/jeffeehsiung/.espressif/tools/xtensa-esp32s3-elf/esp-2022r1-11.2.0/xtensa-esp32s3-elf/bin/../libexec/gcc/xtensa-esp32s3-elf/11.2.0/cc1 -quiet -v -iprefix /Users/jeffeehsiung/.espressif/tools/xtensa-esp32s3-elf/esp-2022r1-11.2.0/xtensa-esp32s3-elf/bin/../lib/gcc/xtensa-esp32s3-elf/11.2.0/ /Users/jeffeehsiung/.espressif/tools/cmake/3.24.0/CMake.app/Contents/share/cmake-3.24/Modules/CMakeCCompilerABI.c -quiet -dumpdir CMakeFiles/cmTC_4d3ce.dir/ -dumpbase CMakeCCompilerABI.c.c -dumpbase-ext .c -mlongcalls -version -o /var/folders/xf/qvcj3gbs6hz5jjtfq9t5vyf40000gn/T//cc4Da5ND.s]
  ignore line: [GNU C17 (crosstool-NG esp-2022r1) version 11.2.0 (xtensa-esp32s3-elf)]
  ignore line: [	compiled by GNU C version 8.3.0  GMP version 6.2.1  MPFR version 4.1.0  MPC version 1.2.1  isl version isl-0.24-GMP]
  ignore line: []
  ignore line: [GGC heuristics: --param ggc-min-expand=100 --param ggc-min-heapsize=131072]
  ignore line: [ignoring duplicate directory "/Users/jeffeehsiung/.espressif/tools/xtensa-esp32s3-elf/esp-2022r1-11.2.0/xtensa-esp32s3-elf/bin/../lib/gcc/../../lib/gcc/xtensa-esp32s3-elf/11.2.0/include"]
  ignore line: [ignoring duplicate directory "/Users/jeffeehsiung/.espressif/tools/xtensa-esp32s3-elf/esp-2022r1-11.2.0/xtensa-esp32s3-elf/bin/../lib/gcc/../../lib/gcc/xtensa-esp32s3-elf/11.2.0/include-fixed"]
  ignore line: [ignoring duplicate directory "/Users/jeffeehsiung/.espressif/tools/xtensa-esp32s3-elf/esp-2022r1-11.2.0/xtensa-esp32s3-elf/bin/../lib/gcc/../../lib/gcc/xtensa-esp32s3-elf/11.2.0/../../../../xtensa-esp32s3-elf/sys-include"]
  ignore line: [ignoring duplicate directory "/Users/jeffeehsiung/.espressif/tools/xtensa-esp32s3-elf/esp-2022r1-11.2.0/xtensa-esp32s3-elf/bin/../lib/gcc/../../lib/gcc/xtensa-esp32s3-elf/11.2.0/../../../../xtensa-esp32s3-elf/include"]
  ignore line: [#include "..." search starts here:]
  ignore line: [#include <...> search starts here:]
  ignore line: [ /Users/jeffeehsiung/.espressif/tools/xtensa-esp32s3-elf/esp-2022r1-11.2.0/xtensa-esp32s3-elf/bin/../lib/gcc/xtensa-esp32s3-elf/11.2.0/include]
  ignore line: [ /Users/jeffeehsiung/.espressif/tools/xtensa-esp32s3-elf/esp-2022r1-11.2.0/xtensa-esp32s3-elf/bin/../lib/gcc/xtensa-esp32s3-elf/11.2.0/include-fixed]
  ignore line: [ /Users/jeffeehsiung/.espressif/tools/xtensa-esp32s3-elf/esp-2022r1-11.2.0/xtensa-esp32s3-elf/bin/../lib/gcc/xtensa-esp32s3-elf/11.2.0/../../../../xtensa-esp32s3-elf/sys-include]
  ignore line: [ /Users/jeffeehsiung/.espressif/tools/xtensa-esp32s3-elf/esp-2022r1-11.2.0/xtensa-esp32s3-elf/bin/../lib/gcc/xtensa-esp32s3-elf/11.2.0/../../../../xtensa-esp32s3-elf/include]
  ignore line: [End of search list.]
  ignore line: [GNU C17 (crosstool-NG esp-2022r1) version 11.2.0 (xtensa-esp32s3-elf)]
  ignore line: [	compiled by GNU C version 8.3.0  GMP version 6.2.1  MPFR version 4.1.0  MPC version 1.2.1  isl version isl-0.24-GMP]
  ignore line: []
  ignore line: [GGC heuristics: --param ggc-min-expand=100 --param ggc-min-heapsize=131072]
  ignore line: [Compiler executable checksum: 6e16b3f79070446e108d773cdc6ae7af]
  ignore line: [COLLECT_GCC_OPTIONS='-mlongcalls' '-v' '-o' 'CMakeFiles/cmTC_4d3ce.dir/CMakeCCompilerABI.c.obj' '-c' '-dumpdir' 'CMakeFiles/cmTC_4d3ce.dir/']
  ignore line: [ /Users/jeffeehsiung/.espressif/tools/xtensa-esp32s3-elf/esp-2022r1-11.2.0/xtensa-esp32s3-elf/bin/../lib/gcc/xtensa-esp32s3-elf/11.2.0/../../../../xtensa-esp32s3-elf/bin/as --traditional-format --longcalls -o CMakeFiles/cmTC_4d3ce.dir/CMakeCCompilerABI.c.obj /var/folders/xf/qvcj3gbs6hz5jjtfq9t5vyf40000gn/T//cc4Da5ND.s]
  ignore line: [COMPILER_PATH=/Users/jeffeehsiung/.espressif/tools/xtensa-esp32s3-elf/esp-2022r1-11.2.0/xtensa-esp32s3-elf/bin/../libexec/gcc/xtensa-esp32s3-elf/11.2.0/:/Users/jeffeehsiung/.espressif/tools/xtensa-esp32s3-elf/esp-2022r1-11.2.0/xtensa-esp32s3-elf/bin/../libexec/gcc/:/Users/jeffeehsiung/.espressif/tools/xtensa-esp32s3-elf/esp-2022r1-11.2.0/xtensa-esp32s3-elf/bin/../lib/gcc/xtensa-esp32s3-elf/11.2.0/../../../../xtensa-esp32s3-elf/bin/]
  ignore line: [LIBRARY_PATH=/Users/jeffeehsiung/.espressif/tools/xtensa-esp32s3-elf/esp-2022r1-11.2.0/xtensa-esp32s3-elf/bin/../lib/gcc/xtensa-esp32s3-elf/11.2.0/:/Users/jeffeehsiung/.espressif/tools/xtensa-esp32s3-elf/esp-2022r1-11.2.0/xtensa-esp32s3-elf/bin/../lib/gcc/:/Users/jeffeehsiung/.espressif/tools/xtensa-esp32s3-elf/esp-2022r1-11.2.0/xtensa-esp32s3-elf/bin/../lib/gcc/xtensa-esp32s3-elf/11.2.0/../../../../xtensa-esp32s3-elf/lib/]
  ignore line: [COLLECT_GCC_OPTIONS='-mlongcalls' '-v' '-o' 'CMakeFiles/cmTC_4d3ce.dir/CMakeCCompilerABI.c.obj' '-c' '-dumpdir' 'CMakeFiles/cmTC_4d3ce.dir/CMakeCCompilerABI.c.']
  ignore line: [[2/2] Linking C executable cmTC_4d3ce]
  ignore line: [Using built-in specs.]
  ignore line: [COLLECT_GCC=/Users/jeffeehsiung/.espressif/tools/xtensa-esp32s3-elf/esp-2022r1-11.2.0/xtensa-esp32s3-elf/bin/xtensa-esp32s3-elf-gcc]
  ignore line: [COLLECT_LTO_WRAPPER=/Users/jeffeehsiung/.espressif/tools/xtensa-esp32s3-elf/esp-2022r1-11.2.0/xtensa-esp32s3-elf/bin/../libexec/gcc/xtensa-esp32s3-elf/11.2.0/lto-wrapper]
  ignore line: [Target: xtensa-esp32s3-elf]
  ignore line: [Configured with: /builds/idf/crosstool-NG/.build/HOST-x86_64-apple-darwin12/xtensa-esp32s3-elf/src/gcc/configure --build=x86_64-build_pc-linux-gnu --host=x86_64-host_apple-darwin12 --target=xtensa-esp32s3-elf --prefix=/builds/idf/crosstool-NG/builds/xtensa-esp32s3-elf --exec_prefix=/builds/idf/crosstool-NG/builds/xtensa-esp32s3-elf --with-local-prefix=/builds/idf/crosstool-NG/builds/xtensa-esp32s3-elf/xtensa-esp32s3-elf --with-headers=/builds/idf/crosstool-NG/builds/xtensa-esp32s3-elf/xtensa-esp32s3-elf/include --with-newlib --enable-threads=no --disable-shared --with-pkgversion='crosstool-NG esp-2022r1' --disable-__cxa_atexit --enable-cxx-flags=-ffunction-sections --disable-libgomp --disable-libmudflap --disable-libmpx --disable-libssp --disable-libquadmath --disable-libquadmath-support --disable-libstdcxx-verbose --with-gmp=/builds/idf/crosstool-NG/.build/HOST-x86_64-apple-darwin12/xtensa-esp32s3-elf/buildtools/complibs-host --with-mpfr=/builds/idf/crosstool-NG/.build/HOST-x86_64-apple-darwin12/xtensa-esp32s3-elf/buildtools/complibs-host --with-mpc=/builds/idf/crosstool-NG/.build/HOST-x86_64-apple-darwin12/xtensa-esp32s3-elf/buildtools/complibs-host --with-isl=/builds/idf/crosstool-NG/.build/HOST-x86_64-apple-darwin12/xtensa-esp32s3-elf/buildtools/complibs-host --enable-lto --enable-target-optspace --without-long-double-128 --disable-nls --enable-multiarch --enable-languages=c c++ --disable-libstdcxx-verbose --enable-threads=posix --enable-gcov-custom-rtio --enable-libstdcxx-time=yes]
  ignore line: [Thread model: posix]
  ignore line: [Supported LTO compression algorithms: zlib]
  ignore line: [gcc version 11.2.0 (crosstool-NG esp-2022r1) ]
  ignore line: [COMPILER_PATH=/Users/jeffeehsiung/.espressif/tools/xtensa-esp32s3-elf/esp-2022r1-11.2.0/xtensa-esp32s3-elf/bin/../libexec/gcc/xtensa-esp32s3-elf/11.2.0/:/Users/jeffeehsiung/.espressif/tools/xtensa-esp32s3-elf/esp-2022r1-11.2.0/xtensa-esp32s3-elf/bin/../libexec/gcc/:/Users/jeffeehsiung/.espressif/tools/xtensa-esp32s3-elf/esp-2022r1-11.2.0/xtensa-esp32s3-elf/bin/../lib/gcc/xtensa-esp32s3-elf/11.2.0/../../../../xtensa-esp32s3-elf/bin/]
  ignore line: [LIBRARY_PATH=/Users/jeffeehsiung/.espressif/tools/xtensa-esp32s3-elf/esp-2022r1-11.2.0/xtensa-esp32s3-elf/bin/../lib/gcc/xtensa-esp32s3-elf/11.2.0/:/Users/jeffeehsiung/.espressif/tools/xtensa-esp32s3-elf/esp-2022r1-11.2.0/xtensa-esp32s3-elf/bin/../lib/gcc/:/Users/jeffeehsiung/.espressif/tools/xtensa-esp32s3-elf/esp-2022r1-11.2.0/xtensa-esp32s3-elf/bin/../lib/gcc/xtensa-esp32s3-elf/11.2.0/../../../../xtensa-esp32s3-elf/lib/]
  ignore line: [COLLECT_GCC_OPTIONS='-mlongcalls' '-v' '-o' 'cmTC_4d3ce' '-dumpdir' 'cmTC_4d3ce.']
  link line: [ /Users/jeffeehsiung/.espressif/tools/xtensa-esp32s3-elf/esp-2022r1-11.2.0/xtensa-esp32s3-elf/bin/../libexec/gcc/xtensa-esp32s3-elf/11.2.0/collect2 -plugin /Users/jeffeehsiung/.espressif/tools/xtensa-esp32s3-elf/esp-2022r1-11.2.0/xtensa-esp32s3-elf/bin/../libexec/gcc/xtensa-esp32s3-elf/11.2.0/liblto_plugin.so -plugin-opt=/Users/jeffeehsiung/.espressif/tools/xtensa-esp32s3-elf/esp-2022r1-11.2.0/xtensa-esp32s3-elf/bin/../libexec/gcc/xtensa-esp32s3-elf/11.2.0/lto-wrapper -plugin-opt=-fresolution=/var/folders/xf/qvcj3gbs6hz5jjtfq9t5vyf40000gn/T//ccqowHM2.res -plugin-opt=-pass-through=-lgcc -plugin-opt=-pass-through=-lc -plugin-opt=-pass-through=-lnosys -plugin-opt=-pass-through=-lc -plugin-opt=-pass-through=-lgcc -o cmTC_4d3ce /Users/jeffeehsiung/.espressif/tools/xtensa-esp32s3-elf/esp-2022r1-11.2.0/xtensa-esp32s3-elf/bin/../lib/gcc/xtensa-esp32s3-elf/11.2.0/../../../../xtensa-esp32s3-elf/lib/crt0.o /Users/jeffeehsiung/.espressif/tools/xtensa-esp32s3-elf/esp-2022r1-11.2.0/xtensa-esp32s3-elf/bin/../lib/gcc/xtensa-esp32s3-elf/11.2.0/crti.o /Users/jeffeehsiung/.espressif/tools/xtensa-esp32s3-elf/esp-2022r1-11.2.0/xtensa-esp32s3-elf/bin/../lib/gcc/xtensa-esp32s3-elf/11.2.0/crtbegin.o -L/Users/jeffeehsiung/.espressif/tools/xtensa-esp32s3-elf/esp-2022r1-11.2.0/xtensa-esp32s3-elf/bin/../lib/gcc/xtensa-esp32s3-elf/11.2.0 -L/Users/jeffeehsiung/.espressif/tools/xtensa-esp32s3-elf/esp-2022r1-11.2.0/xtensa-esp32s3-elf/bin/../lib/gcc -L/Users/jeffeehsiung/.espressif/tools/xtensa-esp32s3-elf/esp-2022r1-11.2.0/xtensa-esp32s3-elf/bin/../lib/gcc/xtensa-esp32s3-elf/11.2.0/../../../../xtensa-esp32s3-elf/lib CMakeFiles/cmTC_4d3ce.dir/CMakeCCompilerABI.c.obj -lgcc -lc -lnosys -lc -lgcc /Users/jeffeehsiung/.espressif/tools/xtensa-esp32s3-elf/esp-2022r1-11.2.0/xtensa-esp32s3-elf/bin/../lib/gcc/xtensa-esp32s3-elf/11.2.0/crtend.o /Users/jeffeehsiung/.espressif/tools/xtensa-esp32s3-elf/esp-2022r1-11.2.0/xtensa-esp32s3-elf/bin/../lib/gcc/xtensa-esp32s3-elf/11.2.0/crtn.o]
    arg [/Users/jeffeehsiung/.espressif/tools/xtensa-esp32s3-elf/esp-2022r1-11.2.0/xtensa-esp32s3-elf/bin/../libexec/gcc/xtensa-esp32s3-elf/11.2.0/collect2] ==> ignore
    arg [-plugin] ==> ignore
    arg [/Users/jeffeehsiung/.espressif/tools/xtensa-esp32s3-elf/esp-2022r1-11.2.0/xtensa-esp32s3-elf/bin/../libexec/gcc/xtensa-esp32s3-elf/11.2.0/liblto_plugin.so] ==> ignore
    arg [-plugin-opt=/Users/jeffeehsiung/.espressif/tools/xtensa-esp32s3-elf/esp-2022r1-11.2.0/xtensa-esp32s3-elf/bin/../libexec/gcc/xtensa-esp32s3-elf/11.2.0/lto-wrapper] ==> ignore
    arg [-plugin-opt=-fresolution=/var/folders/xf/qvcj3gbs6hz5jjtfq9t5vyf40000gn/T//ccqowHM2.res] ==> ignore
    arg [-plugin-opt=-pass-through=-lgcc] ==> ignore
    arg [-plugin-opt=-pass-through=-lc] ==> ignore
    arg [-plugin-opt=-pass-through=-lnosys] ==> ignore
    arg [-plugin-opt=-pass-through=-lc] ==> ignore
    arg [-plugin-opt=-pass-through=-lgcc] ==> ignore
    arg [-o] ==> ignore
    arg [cmTC_4d3ce] ==> ignore
    arg [/Users/jeffeehsiung/.espressif/tools/xtensa-esp32s3-elf/esp-2022r1-11.2.0/xtensa-esp32s3-elf/bin/../lib/gcc/xtensa-esp32s3-elf/11.2.0/../../../../xtensa-esp32s3-elf/lib/crt0.o] ==> obj [/Users/jeffeehsiung/.espressif/tools/xtensa-esp32s3-elf/esp-2022r1-11.2.0/xtensa-esp32s3-elf/bin/../lib/gcc/xtensa-esp32s3-elf/11.2.0/../../../../xtensa-esp32s3-elf/lib/crt0.o]
    arg [/Users/jeffeehsiung/.espressif/tools/xtensa-esp32s3-elf/esp-2022r1-11.2.0/xtensa-esp32s3-elf/bin/../lib/gcc/xtensa-esp32s3-elf/11.2.0/crti.o] ==> obj [/Users/jeffeehsiung/.espressif/tools/xtensa-esp32s3-elf/esp-2022r1-11.2.0/xtensa-esp32s3-elf/bin/../lib/gcc/xtensa-esp32s3-elf/11.2.0/crti.o]
    arg [/Users/jeffeehsiung/.espressif/tools/xtensa-esp32s3-elf/esp-2022r1-11.2.0/xtensa-esp32s3-elf/bin/../lib/gcc/xtensa-esp32s3-elf/11.2.0/crtbegin.o] ==> obj [/Users/jeffeehsiung/.espressif/tools/xtensa-esp32s3-elf/esp-2022r1-11.2.0/xtensa-esp32s3-elf/bin/../lib/gcc/xtensa-esp32s3-elf/11.2.0/crtbegin.o]
    arg [-L/Users/jeffeehsiung/.espressif/tools/xtensa-esp32s3-elf/esp-2022r1-11.2.0/xtensa-esp32s3-elf/bin/../lib/gcc/xtensa-esp32s3-elf/11.2.0] ==> dir [/Users/jeffeehsiung/.espressif/tools/xtensa-esp32s3-elf/esp-2022r1-11.2.0/xtensa-esp32s3-elf/bin/../lib/gcc/xtensa-esp32s3-elf/11.2.0]
    arg [-L/Users/jeffeehsiung/.espressif/tools/xtensa-esp32s3-elf/esp-2022r1-11.2.0/xtensa-esp32s3-elf/bin/../lib/gcc] ==> dir [/Users/jeffeehsiung/.espressif/tools/xtensa-esp32s3-elf/esp-2022r1-11.2.0/xtensa-esp32s3-elf/bin/../lib/gcc]
    arg [-L/Users/jeffeehsiung/.espressif/tools/xtensa-esp32s3-elf/esp-2022r1-11.2.0/xtensa-esp32s3-elf/bin/../lib/gcc/xtensa-esp32s3-elf/11.2.0/../../../../xtensa-esp32s3-elf/lib] ==> dir [/Users/jeffeehsiung/.espressif/tools/xtensa-esp32s3-elf/esp-2022r1-11.2.0/xtensa-esp32s3-elf/bin/../lib/gcc/xtensa-esp32s3-elf/11.2.0/../../../../xtensa-esp32s3-elf/lib]
    arg [CMakeFiles/cmTC_4d3ce.dir/CMakeCCompilerABI.c.obj] ==> ignore
    arg [-lgcc] ==> lib [gcc]
    arg [-lc] ==> lib [c]
    arg [-lnosys] ==> lib [nosys]
    arg [-lc] ==> lib [c]
    arg [-lgcc] ==> lib [gcc]
    arg [/Users/jeffeehsiung/.espressif/tools/xtensa-esp32s3-elf/esp-2022r1-11.2.0/xtensa-esp32s3-elf/bin/../lib/gcc/xtensa-esp32s3-elf/11.2.0/crtend.o] ==> obj [/Users/jeffeehsiung/.espressif/tools/xtensa-esp32s3-elf/esp-2022r1-11.2.0/xtensa-esp32s3-elf/bin/../lib/gcc/xtensa-esp32s3-elf/11.2.0/crtend.o]
    arg [/Users/jeffeehsiung/.espressif/tools/xtensa-esp32s3-elf/esp-2022r1-11.2.0/xtensa-esp32s3-elf/bin/../lib/gcc/xtensa-esp32s3-elf/11.2.0/crtn.o] ==> obj [/Users/jeffeehsiung/.espressif/tools/xtensa-esp32s3-elf/esp-2022r1-11.2.0/xtensa-esp32s3-elf/bin/../lib/gcc/xtensa-esp32s3-elf/11.2.0/crtn.o]
  collapse obj [/Users/jeffeehsiung/.espressif/tools/xtensa-esp32s3-elf/esp-2022r1-11.2.0/xtensa-esp32s3-elf/bin/../lib/gcc/xtensa-esp32s3-elf/11.2.0/../../../../xtensa-esp32s3-elf/lib/crt0.o] ==> [/Users/jeffeehsiung/.espressif/tools/xtensa-esp32s3-elf/esp-2022r1-11.2.0/xtensa-esp32s3-elf/xtensa-esp32s3-elf/lib/crt0.o]
  collapse obj [/Users/jeffeehsiung/.espressif/tools/xtensa-esp32s3-elf/esp-2022r1-11.2.0/xtensa-esp32s3-elf/bin/../lib/gcc/xtensa-esp32s3-elf/11.2.0/crti.o] ==> [/Users/jeffeehsiung/.espressif/tools/xtensa-esp32s3-elf/esp-2022r1-11.2.0/xtensa-esp32s3-elf/lib/gcc/xtensa-esp32s3-elf/11.2.0/crti.o]
  collapse obj [/Users/jeffeehsiung/.espressif/tools/xtensa-esp32s3-elf/esp-2022r1-11.2.0/xtensa-esp32s3-elf/bin/../lib/gcc/xtensa-esp32s3-elf/11.2.0/crtbegin.o] ==> [/Users/jeffeehsiung/.espressif/tools/xtensa-esp32s3-elf/esp-2022r1-11.2.0/xtensa-esp32s3-elf/lib/gcc/xtensa-esp32s3-elf/11.2.0/crtbegin.o]
  collapse obj [/Users/jeffeehsiung/.espressif/tools/xtensa-esp32s3-elf/esp-2022r1-11.2.0/xtensa-esp32s3-elf/bin/../lib/gcc/xtensa-esp32s3-elf/11.2.0/crtend.o] ==> [/Users/jeffeehsiung/.espressif/tools/xtensa-esp32s3-elf/esp-2022r1-11.2.0/xtensa-esp32s3-elf/lib/gcc/xtensa-esp32s3-elf/11.2.0/crtend.o]
  collapse obj [/Users/jeffeehsiung/.espressif/tools/xtensa-esp32s3-elf/esp-2022r1-11.2.0/xtensa-esp32s3-elf/bin/../lib/gcc/xtensa-esp32s3-elf/11.2.0/crtn.o] ==> [/Users/jeffeehsiung/.espressif/tools/xtensa-esp32s3-elf/esp-2022r1-11.2.0/xtensa-esp32s3-elf/lib/gcc/xtensa-esp32s3-elf/11.2.0/crtn.o]
  collapse library dir [/Users/jeffeehsiung/.espressif/tools/xtensa-esp32s3-elf/esp-2022r1-11.2.0/xtensa-esp32s3-elf/bin/../lib/gcc/xtensa-esp32s3-elf/11.2.0] ==> [/Users/jeffeehsiung/.espressif/tools/xtensa-esp32s3-elf/esp-2022r1-11.2.0/xtensa-esp32s3-elf/lib/gcc/xtensa-esp32s3-elf/11.2.0]
  collapse library dir [/Users/jeffeehsiung/.espressif/tools/xtensa-esp32s3-elf/esp-2022r1-11.2.0/xtensa-esp32s3-elf/bin/../lib/gcc] ==> [/Users/jeffeehsiung/.espressif/tools/xtensa-esp32s3-elf/esp-2022r1-11.2.0/xtensa-esp32s3-elf/lib/gcc]
  collapse library dir [/Users/jeffeehsiung/.espressif/tools/xtensa-esp32s3-elf/esp-2022r1-11.2.0/xtensa-esp32s3-elf/bin/../lib/gcc/xtensa-esp32s3-elf/11.2.0/../../../../xtensa-esp32s3-elf/lib] ==> [/Users/jeffeehsiung/.espressif/tools/xtensa-esp32s3-elf/esp-2022r1-11.2.0/xtensa-esp32s3-elf/xtensa-esp32s3-elf/lib]
  implicit libs: [gcc;c;nosys;c;gcc]
  implicit objs: [/Users/jeffeehsiung/.espressif/tools/xtensa-esp32s3-elf/esp-2022r1-11.2.0/xtensa-esp32s3-elf/xtensa-esp32s3-elf/lib/crt0.o;/Users/jeffeehsiung/.espressif/tools/xtensa-esp32s3-elf/esp-2022r1-11.2.0/xtensa-esp32s3-elf/lib/gcc/xtensa-esp32s3-elf/11.2.0/crti.o;/Users/jeffeehsiung/.espressif/tools/xtensa-esp32s3-elf/esp-2022r1-11.2.0/xtensa-esp32s3-elf/lib/gcc/xtensa-esp32s3-elf/11.2.0/crtbegin.o;/Users/jeffeehsiung/.espressif/tools/xtensa-esp32s3-elf/esp-2022r1-11.2.0/xtensa-esp32s3-elf/lib/gcc/xtensa-esp32s3-elf/11.2.0/crtend.o;/Users/jeffeehsiung/.espressif/tools/xtensa-esp32s3-elf/esp-2022r1-11.2.0/xtensa-esp32s3-elf/lib/gcc/xtensa-esp32s3-elf/11.2.0/crtn.o]
  implicit dirs: [/Users/jeffeehsiung/.espressif/tools/xtensa-esp32s3-elf/esp-2022r1-11.2.0/xtensa-esp32s3-elf/lib/gcc/xtensa-esp32s3-elf/11.2.0;/Users/jeffeehsiung/.espressif/tools/xtensa-esp32s3-elf/esp-2022r1-11.2.0/xtensa-esp32s3-elf/lib/gcc;/Users/jeffeehsiung/.espressif/tools/xtensa-esp32s3-elf/esp-2022r1-11.2.0/xtensa-esp32s3-elf/xtensa-esp32s3-elf/lib]
  implicit fwks: []


Detecting CXX compiler ABI info compiled with the following output:
Change Dir: /Users/jeffeehsiung/Desktop/Esp32/espnow_public/build/bootloader/CMakeFiles/CMakeTmp

Run Build Command(s):/Users/jeffeehsiung/.espressif/tools/ninja/1.10.2/ninja cmTC_08f7c && [1/2] Building CXX object CMakeFiles/cmTC_08f7c.dir/CMakeCXXCompilerABI.cpp.obj
Using built-in specs.
COLLECT_GCC=/Users/jeffeehsiung/.espressif/tools/xtensa-esp32s3-elf/esp-2022r1-11.2.0/xtensa-esp32s3-elf/bin/xtensa-esp32s3-elf-g++
Target: xtensa-esp32s3-elf
Configured with: /builds/idf/crosstool-NG/.build/HOST-x86_64-apple-darwin12/xtensa-esp32s3-elf/src/gcc/configure --build=x86_64-build_pc-linux-gnu --host=x86_64-host_apple-darwin12 --target=xtensa-esp32s3-elf --prefix=/builds/idf/crosstool-NG/builds/xtensa-esp32s3-elf --exec_prefix=/builds/idf/crosstool-NG/builds/xtensa-esp32s3-elf --with-local-prefix=/builds/idf/crosstool-NG/builds/xtensa-esp32s3-elf/xtensa-esp32s3-elf --with-headers=/builds/idf/crosstool-NG/builds/xtensa-esp32s3-elf/xtensa-esp32s3-elf/include --with-newlib --enable-threads=no --disable-shared --with-pkgversion='crosstool-NG esp-2022r1' --disable-__cxa_atexit --enable-cxx-flags=-ffunction-sections --disable-libgomp --disable-libmudflap --disable-libmpx --disable-libssp --disable-libquadmath --disable-libquadmath-support --disable-libstdcxx-verbose --with-gmp=/builds/idf/crosstool-NG/.build/HOST-x86_64-apple-darwin12/xtensa-esp32s3-elf/buildtools/complibs-host --with-mpfr=/builds/idf/crosstool-NG/.build/HOST-x86_64-apple-darwin12/xtensa-esp32s3-elf/buildtools/complibs-host --with-mpc=/builds/idf/crosstool-NG/.build/HOST-x86_64-apple-darwin12/xtensa-esp32s3-elf/buildtools/complibs-host --with-isl=/builds/idf/crosstool-NG/.build/HOST-x86_64-apple-darwin12/xtensa-esp32s3-elf/buildtools/complibs-host --enable-lto --enable-target-optspace --without-long-double-128 --disable-nls --enable-multiarch --enable-languages=c,c++ --disable-libstdcxx-verbose --enable-threads=posix --enable-gcov-custom-rtio --enable-libstdcxx-time=yes
Thread model: posix
Supported LTO compression algorithms: zlib
gcc version 11.2.0 (crosstool-NG esp-2022r1) 
COLLECT_GCC_OPTIONS='-mlongcalls' '-v' '-o' 'CMakeFiles/cmTC_08f7c.dir/CMakeCXXCompilerABI.cpp.obj' '-c' '-dumpdir' 'CMakeFiles/cmTC_08f7c.dir/'
 /Users/jeffeehsiung/.espressif/tools/xtensa-esp32s3-elf/esp-2022r1-11.2.0/xtensa-esp32s3-elf/bin/../libexec/gcc/xtensa-esp32s3-elf/11.2.0/cc1plus -quiet -v -iprefix /Users/jeffeehsiung/.espressif/tools/xtensa-esp32s3-elf/esp-2022r1-11.2.0/xtensa-esp32s3-elf/bin/../lib/gcc/xtensa-esp32s3-elf/11.2.0/ /Users/jeffeehsiung/.espressif/tools/cmake/3.24.0/CMake.app/Contents/share/cmake-3.24/Modules/CMakeCXXCompilerABI.cpp -quiet -dumpdir CMakeFiles/cmTC_08f7c.dir/ -dumpbase CMakeCXXCompilerABI.cpp.cpp -dumpbase-ext .cpp -mlongcalls -version -o /var/folders/xf/qvcj3gbs6hz5jjtfq9t5vyf40000gn/T//ccA9f1MR.s
GNU C++17 (crosstool-NG esp-2022r1) version 11.2.0 (xtensa-esp32s3-elf)
	compiled by GNU C version 8.3.0, GMP version 6.2.1, MPFR version 4.1.0, MPC version 1.2.1, isl version isl-0.24-GMP

GGC heuristics: --param ggc-min-expand=100 --param ggc-min-heapsize=131072
ignoring duplicate directory "/Users/jeffeehsiung/.espressif/tools/xtensa-esp32s3-elf/esp-2022r1-11.2.0/xtensa-esp32s3-elf/bin/../lib/gcc/../../lib/gcc/xtensa-esp32s3-elf/11.2.0/../../../../xtensa-esp32s3-elf/include/c++/11.2.0"
ignoring duplicate directory "/Users/jeffeehsiung/.espressif/tools/xtensa-esp32s3-elf/esp-2022r1-11.2.0/xtensa-esp32s3-elf/bin/../lib/gcc/../../lib/gcc/xtensa-esp32s3-elf/11.2.0/../../../../xtensa-esp32s3-elf/include/c++/11.2.0/xtensa-esp32s3-elf"
ignoring duplicate directory "/Users/jeffeehsiung/.espressif/tools/xtensa-esp32s3-elf/esp-2022r1-11.2.0/xtensa-esp32s3-elf/bin/../lib/gcc/../../lib/gcc/xtensa-esp32s3-elf/11.2.0/../../../../xtensa-esp32s3-elf/include/c++/11.2.0/backward"
ignoring duplicate directory "/Users/jeffeehsiung/.espressif/tools/xtensa-esp32s3-elf/esp-2022r1-11.2.0/xtensa-esp32s3-elf/bin/../lib/gcc/../../lib/gcc/xtensa-esp32s3-elf/11.2.0/include"
ignoring duplicate directory "/Users/jeffeehsiung/.espressif/tools/xtensa-esp32s3-elf/esp-2022r1-11.2.0/xtensa-esp32s3-elf/bin/../lib/gcc/../../lib/gcc/xtensa-esp32s3-elf/11.2.0/include-fixed"
ignoring duplicate directory "/Users/jeffeehsiung/.espressif/tools/xtensa-esp32s3-elf/esp-2022r1-11.2.0/xtensa-esp32s3-elf/bin/../lib/gcc/../../lib/gcc/xtensa-esp32s3-elf/11.2.0/../../../../xtensa-esp32s3-elf/sys-include"
ignoring duplicate directory "/Users/jeffeehsiung/.espressif/tools/xtensa-esp32s3-elf/esp-2022r1-11.2.0/xtensa-esp32s3-elf/bin/../lib/gcc/../../lib/gcc/xtensa-esp32s3-elf/11.2.0/../../../../xtensa-esp32s3-elf/include"
#include "..." search starts here:
#include <...> search starts here:
 /Users/jeffeehsiung/.espressif/tools/xtensa-esp32s3-elf/esp-2022r1-11.2.0/xtensa-esp32s3-elf/bin/../lib/gcc/xtensa-esp32s3-elf/11.2.0/../../../../xtensa-esp32s3-elf/include/c++/11.2.0
 /Users/jeffeehsiung/.espressif/tools/xtensa-esp32s3-elf/esp-2022r1-11.2.0/xtensa-esp32s3-elf/bin/../lib/gcc/xtensa-esp32s3-elf/11.2.0/../../../../xtensa-esp32s3-elf/include/c++/11.2.0/xtensa-esp32s3-elf
 /Users/jeffeehsiung/.espressif/tools/xtensa-esp32s3-elf/esp-2022r1-11.2.0/xtensa-esp32s3-elf/bin/../lib/gcc/xtensa-esp32s3-elf/11.2.0/../../../../xtensa-esp32s3-elf/include/c++/11.2.0/backward
 /Users/jeffeehsiung/.espressif/tools/xtensa-esp32s3-elf/esp-2022r1-11.2.0/xtensa-esp32s3-elf/bin/../lib/gcc/xtensa-esp32s3-elf/11.2.0/include
 /Users/jeffeehsiung/.espressif/tools/xtensa-esp32s3-elf/esp-2022r1-11.2.0/xtensa-esp32s3-elf/bin/../lib/gcc/xtensa-esp32s3-elf/11.2.0/include-fixed
 /Users/jeffeehsiung/.espressif/tools/xtensa-esp32s3-elf/esp-2022r1-11.2.0/xtensa-esp32s3-elf/bin/../lib/gcc/xtensa-esp32s3-elf/11.2.0/../../../../xtensa-esp32s3-elf/sys-include
 /Users/jeffeehsiung/.espressif/tools/xtensa-esp32s3-elf/esp-2022r1-11.2.0/xtensa-esp32s3-elf/bin/../lib/gcc/xtensa-esp32s3-elf/11.2.0/../../../../xtensa-esp32s3-elf/include
End of search list.
GNU C++17 (crosstool-NG esp-2022r1) version 11.2.0 (xtensa-esp32s3-elf)
	compiled by GNU C version 8.3.0, GMP version 6.2.1, MPFR version 4.1.0, MPC version 1.2.1, isl version isl-0.24-GMP

GGC heuristics: --param ggc-min-expand=100 --param ggc-min-heapsize=131072
Compiler executable checksum: 5eb04f52d75f4104c738f486b398e693
COLLECT_GCC_OPTIONS='-mlongcalls' '-v' '-o' 'CMakeFiles/cmTC_08f7c.dir/CMakeCXXCompilerABI.cpp.obj' '-c' '-dumpdir' 'CMakeFiles/cmTC_08f7c.dir/'
 /Users/jeffeehsiung/.espressif/tools/xtensa-esp32s3-elf/esp-2022r1-11.2.0/xtensa-esp32s3-elf/bin/../lib/gcc/xtensa-esp32s3-elf/11.2.0/../../../../xtensa-esp32s3-elf/bin/as --traditional-format --longcalls -o CMakeFiles/cmTC_08f7c.dir/CMakeCXXCompilerABI.cpp.obj /var/folders/xf/qvcj3gbs6hz5jjtfq9t5vyf40000gn/T//ccA9f1MR.s
COMPILER_PATH=/Users/jeffeehsiung/.espressif/tools/xtensa-esp32s3-elf/esp-2022r1-11.2.0/xtensa-esp32s3-elf/bin/../libexec/gcc/xtensa-esp32s3-elf/11.2.0/:/Users/jeffeehsiung/.espressif/tools/xtensa-esp32s3-elf/esp-2022r1-11.2.0/xtensa-esp32s3-elf/bin/../libexec/gcc/:/Users/jeffeehsiung/.espressif/tools/xtensa-esp32s3-elf/esp-2022r1-11.2.0/xtensa-esp32s3-elf/bin/../lib/gcc/xtensa-esp32s3-elf/11.2.0/../../../../xtensa-esp32s3-elf/bin/
LIBRARY_PATH=/Users/jeffeehsiung/.espressif/tools/xtensa-esp32s3-elf/esp-2022r1-11.2.0/xtensa-esp32s3-elf/bin/../lib/gcc/xtensa-esp32s3-elf/11.2.0/:/Users/jeffeehsiung/.espressif/tools/xtensa-esp32s3-elf/esp-2022r1-11.2.0/xtensa-esp32s3-elf/bin/../lib/gcc/:/Users/jeffeehsiung/.espressif/tools/xtensa-esp32s3-elf/esp-2022r1-11.2.0/xtensa-esp32s3-elf/bin/../lib/gcc/xtensa-esp32s3-elf/11.2.0/../../../../xtensa-esp32s3-elf/lib/
COLLECT_GCC_OPTIONS='-mlongcalls' '-v' '-o' 'CMakeFiles/cmTC_08f7c.dir/CMakeCXXCompilerABI.cpp.obj' '-c' '-dumpdir' 'CMakeFiles/cmTC_08f7c.dir/CMakeCXXCompilerABI.cpp.'
[2/2] Linking CXX executable cmTC_08f7c
Using built-in specs.
COLLECT_GCC=/Users/jeffeehsiung/.espressif/tools/xtensa-esp32s3-elf/esp-2022r1-11.2.0/xtensa-esp32s3-elf/bin/xtensa-esp32s3-elf-g++
COLLECT_LTO_WRAPPER=/Users/jeffeehsiung/.espressif/tools/xtensa-esp32s3-elf/esp-2022r1-11.2.0/xtensa-esp32s3-elf/bin/../libexec/gcc/xtensa-esp32s3-elf/11.2.0/lto-wrapper
Target: xtensa-esp32s3-elf
Configured with: /builds/idf/crosstool-NG/.build/HOST-x86_64-apple-darwin12/xtensa-esp32s3-elf/src/gcc/configure --build=x86_64-build_pc-linux-gnu --host=x86_64-host_apple-darwin12 --target=xtensa-esp32s3-elf --prefix=/builds/idf/crosstool-NG/builds/xtensa-esp32s3-elf --exec_prefix=/builds/idf/crosstool-NG/builds/xtensa-esp32s3-elf --with-local-prefix=/builds/idf/crosstool-NG/builds/xtensa-esp32s3-elf/xtensa-esp32s3-elf --with-headers=/builds/idf/crosstool-NG/builds/xtensa-esp32s3-elf/xtensa-esp32s3-elf/include --with-newlib --enable-threads=no --disable-shared --with-pkgversion='crosstool-NG esp-2022r1' --disable-__cxa_atexit --enable-cxx-flags=-ffunction-sections --disable-libgomp --disable-libmudflap --disable-libmpx --disable-libssp --disable-libquadmath --disable-libquadmath-support --disable-libstdcxx-verbose --with-gmp=/builds/idf/crosstool-NG/.build/HOST-x86_64-apple-darwin12/xtensa-esp32s3-elf/buildtools/complibs-host --with-mpfr=/builds/idf/crosstool-NG/.build/HOST-x86_64-apple-darwin12/xtensa-esp32s3-elf/buildtools/complibs-host --with-mpc=/builds/idf/crosstool-NG/.build/HOST-x86_64-apple-darwin12/xtensa-esp32s3-elf/buildtools/complibs-host --with-isl=/builds/idf/crosstool-NG/.build/HOST-x86_64-apple-darwin12/xtensa-esp32s3-elf/buildtools/complibs-host --enable-lto --enable-target-optspace --without-long-double-128 --disable-nls --enable-multiarch --enable-languages=c,c++ --disable-libstdcxx-verbose --enable-threads=posix --enable-gcov-custom-rtio --enable-libstdcxx-time=yes
Thread model: posix
Supported LTO compression algorithms: zlib
gcc version 11.2.0 (crosstool-NG esp-2022r1) 
COMPILER_PATH=/Users/jeffeehsiung/.espressif/tools/xtensa-esp32s3-elf/esp-2022r1-11.2.0/xtensa-esp32s3-elf/bin/../libexec/gcc/xtensa-esp32s3-elf/11.2.0/:/Users/jeffeehsiung/.espressif/tools/xtensa-esp32s3-elf/esp-2022r1-11.2.0/xtensa-esp32s3-elf/bin/../libexec/gcc/:/Users/jeffeehsiung/.espressif/tools/xtensa-esp32s3-elf/esp-2022r1-11.2.0/xtensa-esp32s3-elf/bin/../lib/gcc/xtensa-esp32s3-elf/11.2.0/../../../../xtensa-esp32s3-elf/bin/
LIBRARY_PATH=/Users/jeffeehsiung/.espressif/tools/xtensa-esp32s3-elf/esp-2022r1-11.2.0/xtensa-esp32s3-elf/bin/../lib/gcc/xtensa-esp32s3-elf/11.2.0/:/Users/jeffeehsiung/.espressif/tools/xtensa-esp32s3-elf/esp-2022r1-11.2.0/xtensa-esp32s3-elf/bin/../lib/gcc/:/Users/jeffeehsiung/.espressif/tools/xtensa-esp32s3-elf/esp-2022r1-11.2.0/xtensa-esp32s3-elf/bin/../lib/gcc/xtensa-esp32s3-elf/11.2.0/../../../../xtensa-esp32s3-elf/lib/
COLLECT_GCC_OPTIONS='-mlongcalls' '-v' '-o' 'cmTC_08f7c' '-dumpdir' 'cmTC_08f7c.'
 /Users/jeffeehsiung/.espressif/tools/xtensa-esp32s3-elf/esp-2022r1-11.2.0/xtensa-esp32s3-elf/bin/../libexec/gcc/xtensa-esp32s3-elf/11.2.0/collect2 -plugin /Users/jeffeehsiung/.espressif/tools/xtensa-esp32s3-elf/esp-2022r1-11.2.0/xtensa-esp32s3-elf/bin/../libexec/gcc/xtensa-esp32s3-elf/11.2.0/liblto_plugin.so -plugin-opt=/Users/jeffeehsiung/.espressif/tools/xtensa-esp32s3-elf/esp-2022r1-11.2.0/xtensa-esp32s3-elf/bin/../libexec/gcc/xtensa-esp32s3-elf/11.2.0/lto-wrapper -plugin-opt=-fresolution=/var/folders/xf/qvcj3gbs6hz5jjtfq9t5vyf40000gn/T//cclGEDG7.res -plugin-opt=-pass-through=-lgcc -plugin-opt=-pass-through=-lc -plugin-opt=-pass-through=-lnosys -plugin-opt=-pass-through=-lc -plugin-opt=-pass-through=-lgcc -o cmTC_08f7c /Users/jeffeehsiung/.espressif/tools/xtensa-esp32s3-elf/esp-2022r1-11.2.0/xtensa-esp32s3-elf/bin/../lib/gcc/xtensa-esp32s3-elf/11.2.0/../../../../xtensa-esp32s3-elf/lib/crt0.o /Users/jeffeehsiung/.espressif/tools/xtensa-esp32s3-elf/esp-2022r1-11.2.0/xtensa-esp32s3-elf/bin/../lib/gcc/xtensa-esp32s3-elf/11.2.0/crti.o /Users/jeffeehsiung/.espressif/tools/xtensa-esp32s3-elf/esp-2022r1-11.2.0/xtensa-esp32s3-elf/bin/../lib/gcc/xtensa-esp32s3-elf/11.2.0/crtbegin.o -L/Users/jeffeehsiung/.espressif/tools/xtensa-esp32s3-elf/esp-2022r1-11.2.0/xtensa-esp32s3-elf/bin/../lib/gcc/xtensa-esp32s3-elf/11.2.0 -L/Users/jeffeehsiung/.espressif/tools/xtensa-esp32s3-elf/esp-2022r1-11.2.0/xtensa-esp32s3-elf/bin/../lib/gcc -L/Users/jeffeehsiung/.espressif/tools/xtensa-esp32s3-elf/esp-2022r1-11.2.0/xtensa-esp32s3-elf/bin/../lib/gcc/xtensa-esp32s3-elf/11.2.0/../../../../xtensa-esp32s3-elf/lib CMakeFiles/cmTC_08f7c.dir/CMakeCXXCompilerABI.cpp.obj -lstdc++ -lm -lgcc -lc -lnosys -lc -lgcc /Users/jeffeehsiung/.espressif/tools/xtensa-esp32s3-elf/esp-2022r1-11.2.0/xtensa-esp32s3-elf/bin/../lib/gcc/xtensa-esp32s3-elf/11.2.0/crtend.o /Users/jeffeehsiung/.espressif/tools/xtensa-esp32s3-elf/esp-2022r1-11.2.0/xtensa-esp32s3-elf/bin/../lib/gcc/xtensa-esp32s3-elf/11.2.0/crtn.o
COLLECT_GCC_OPTIONS='-mlongcalls' '-v' '-o' 'cmTC_08f7c' '-dumpdir' 'cmTC_08f7c.'



Parsed CXX implicit include dir info from above output: rv=done
  found start of include info
  found start of implicit include info
    add: [/Users/jeffeehsiung/.espressif/tools/xtensa-esp32s3-elf/esp-2022r1-11.2.0/xtensa-esp32s3-elf/bin/../lib/gcc/xtensa-esp32s3-elf/11.2.0/../../../../xtensa-esp32s3-elf/include/c++/11.2.0]
    add: [/Users/jeffeehsiung/.espressif/tools/xtensa-esp32s3-elf/esp-2022r1-11.2.0/xtensa-esp32s3-elf/bin/../lib/gcc/xtensa-esp32s3-elf/11.2.0/../../../../xtensa-esp32s3-elf/include/c++/11.2.0/xtensa-esp32s3-elf]
    add: [/Users/jeffeehsiung/.espressif/tools/xtensa-esp32s3-elf/esp-2022r1-11.2.0/xtensa-esp32s3-elf/bin/../lib/gcc/xtensa-esp32s3-elf/11.2.0/../../../../xtensa-esp32s3-elf/include/c++/11.2.0/backward]
    add: [/Users/jeffeehsiung/.espressif/tools/xtensa-esp32s3-elf/esp-2022r1-11.2.0/xtensa-esp32s3-elf/bin/../lib/gcc/xtensa-esp32s3-elf/11.2.0/include]
    add: [/Users/jeffeehsiung/.espressif/tools/xtensa-esp32s3-elf/esp-2022r1-11.2.0/xtensa-esp32s3-elf/bin/../lib/gcc/xtensa-esp32s3-elf/11.2.0/include-fixed]
    add: [/Users/jeffeehsiung/.espressif/tools/xtensa-esp32s3-elf/esp-2022r1-11.2.0/xtensa-esp32s3-elf/bin/../lib/gcc/xtensa-esp32s3-elf/11.2.0/../../../../xtensa-esp32s3-elf/sys-include]
    add: [/Users/jeffeehsiung/.espressif/tools/xtensa-esp32s3-elf/esp-2022r1-11.2.0/xtensa-esp32s3-elf/bin/../lib/gcc/xtensa-esp32s3-elf/11.2.0/../../../../xtensa-esp32s3-elf/include]
  end of search list found
  collapse include dir [/Users/jeffeehsiung/.espressif/tools/xtensa-esp32s3-elf/esp-2022r1-11.2.0/xtensa-esp32s3-elf/bin/../lib/gcc/xtensa-esp32s3-elf/11.2.0/../../../../xtensa-esp32s3-elf/include/c++/11.2.0] ==> [/Users/jeffeehsiung/.espressif/tools/xtensa-esp32s3-elf/esp-2022r1-11.2.0/xtensa-esp32s3-elf/xtensa-esp32s3-elf/include/c++/11.2.0]
  collapse include dir [/Users/jeffeehsiung/.espressif/tools/xtensa-esp32s3-elf/esp-2022r1-11.2.0/xtensa-esp32s3-elf/bin/../lib/gcc/xtensa-esp32s3-elf/11.2.0/../../../../xtensa-esp32s3-elf/include/c++/11.2.0/xtensa-esp32s3-elf] ==> [/Users/jeffeehsiung/.espressif/tools/xtensa-esp32s3-elf/esp-2022r1-11.2.0/xtensa-esp32s3-elf/xtensa-esp32s3-elf/include/c++/11.2.0/xtensa-esp32s3-elf]
  collapse include dir [/Users/jeffeehsiung/.espressif/tools/xtensa-esp32s3-elf/esp-2022r1-11.2.0/xtensa-esp32s3-elf/bin/../lib/gcc/xtensa-esp32s3-elf/11.2.0/../../../../xtensa-esp32s3-elf/include/c++/11.2.0/backward] ==> [/Users/jeffeehsiung/.espressif/tools/xtensa-esp32s3-elf/esp-2022r1-11.2.0/xtensa-esp32s3-elf/xtensa-esp32s3-elf/include/c++/11.2.0/backward]
  collapse include dir [/Users/jeffeehsiung/.espressif/tools/xtensa-esp32s3-elf/esp-2022r1-11.2.0/xtensa-esp32s3-elf/bin/../lib/gcc/xtensa-esp32s3-elf/11.2.0/include] ==> [/Users/jeffeehsiung/.espressif/tools/xtensa-esp32s3-elf/esp-2022r1-11.2.0/xtensa-esp32s3-elf/lib/gcc/xtensa-esp32s3-elf/11.2.0/include]
  collapse include dir [/Users/jeffeehsiung/.espressif/tools/xtensa-esp32s3-elf/esp-2022r1-11.2.0/xtensa-esp32s3-elf/bin/../lib/gcc/xtensa-esp32s3-elf/11.2.0/include-fixed] ==> [/Users/jeffeehsiung/.espressif/tools/xtensa-esp32s3-elf/esp-2022r1-11.2.0/xtensa-esp32s3-elf/lib/gcc/xtensa-esp32s3-elf/11.2.0/include-fixed]
  collapse include dir [/Users/jeffeehsiung/.espressif/tools/xtensa-esp32s3-elf/esp-2022r1-11.2.0/xtensa-esp32s3-elf/bin/../lib/gcc/xtensa-esp32s3-elf/11.2.0/../../../../xtensa-esp32s3-elf/sys-include] ==> [/Users/jeffeehsiung/.espressif/tools/xtensa-esp32s3-elf/esp-2022r1-11.2.0/xtensa-esp32s3-elf/xtensa-esp32s3-elf/sys-include]
  collapse include dir [/Users/jeffeehsiung/.espressif/tools/xtensa-esp32s3-elf/esp-2022r1-11.2.0/xtensa-esp32s3-elf/bin/../lib/gcc/xtensa-esp32s3-elf/11.2.0/../../../../xtensa-esp32s3-elf/include] ==> [/Users/jeffeehsiung/.espressif/tools/xtensa-esp32s3-elf/esp-2022r1-11.2.0/xtensa-esp32s3-elf/xtensa-esp32s3-elf/include]
  implicit include dirs: [/Users/jeffeehsiung/.espressif/tools/xtensa-esp32s3-elf/esp-2022r1-11.2.0/xtensa-esp32s3-elf/xtensa-esp32s3-elf/include/c++/11.2.0;/Users/jeffeehsiung/.espressif/tools/xtensa-esp32s3-elf/esp-2022r1-11.2.0/xtensa-esp32s3-elf/xtensa-esp32s3-elf/include/c++/11.2.0/xtensa-esp32s3-elf;/Users/jeffeehsiung/.espressif/tools/xtensa-esp32s3-elf/esp-2022r1-11.2.0/xtensa-esp32s3-elf/xtensa-esp32s3-elf/include/c++/11.2.0/backward;/Users/jeffeehsiung/.espressif/tools/xtensa-esp32s3-elf/esp-2022r1-11.2.0/xtensa-esp32s3-elf/lib/gcc/xtensa-esp32s3-elf/11.2.0/include;/Users/jeffeehsiung/.espressif/tools/xtensa-esp32s3-elf/esp-2022r1-11.2.0/xtensa-esp32s3-elf/lib/gcc/xtensa-esp32s3-elf/11.2.0/include-fixed;/Users/jeffeehsiung/.espressif/tools/xtensa-esp32s3-elf/esp-2022r1-11.2.0/xtensa-esp32s3-elf/xtensa-esp32s3-elf/sys-include;/Users/jeffeehsiung/.espressif/tools/xtensa-esp32s3-elf/esp-2022r1-11.2.0/xtensa-esp32s3-elf/xtensa-esp32s3-elf/include]


Parsed CXX implicit link information from above output:
  link line regex: [^( *|.*[/\])(xtensa-esp32s3-elf-ld|CMAKE_LINK_STARTFILE-NOTFOUND|([^/\]+-)?ld|collect2)[^/\]*( |$)]
  ignore line: [Change Dir: /Users/jeffeehsiung/Desktop/Esp32/espnow_public/build/bootloader/CMakeFiles/CMakeTmp]
  ignore line: []
  ignore line: [Run Build Command(s):/Users/jeffeehsiung/.espressif/tools/ninja/1.10.2/ninja cmTC_08f7c && [1/2] Building CXX object CMakeFiles/cmTC_08f7c.dir/CMakeCXXCompilerABI.cpp.obj]
  ignore line: [Using built-in specs.]
  ignore line: [COLLECT_GCC=/Users/jeffeehsiung/.espressif/tools/xtensa-esp32s3-elf/esp-2022r1-11.2.0/xtensa-esp32s3-elf/bin/xtensa-esp32s3-elf-g++]
  ignore line: [Target: xtensa-esp32s3-elf]
  ignore line: [Configured with: /builds/idf/crosstool-NG/.build/HOST-x86_64-apple-darwin12/xtensa-esp32s3-elf/src/gcc/configure --build=x86_64-build_pc-linux-gnu --host=x86_64-host_apple-darwin12 --target=xtensa-esp32s3-elf --prefix=/builds/idf/crosstool-NG/builds/xtensa-esp32s3-elf --exec_prefix=/builds/idf/crosstool-NG/builds/xtensa-esp32s3-elf --with-local-prefix=/builds/idf/crosstool-NG/builds/xtensa-esp32s3-elf/xtensa-esp32s3-elf --with-headers=/builds/idf/crosstool-NG/builds/xtensa-esp32s3-elf/xtensa-esp32s3-elf/include --with-newlib --enable-threads=no --disable-shared --with-pkgversion='crosstool-NG esp-2022r1' --disable-__cxa_atexit --enable-cxx-flags=-ffunction-sections --disable-libgomp --disable-libmudflap --disable-libmpx --disable-libssp --disable-libquadmath --disable-libquadmath-support --disable-libstdcxx-verbose --with-gmp=/builds/idf/crosstool-NG/.build/HOST-x86_64-apple-darwin12/xtensa-esp32s3-elf/buildtools/complibs-host --with-mpfr=/builds/idf/crosstool-NG/.build/HOST-x86_64-apple-darwin12/xtensa-esp32s3-elf/buildtools/complibs-host --with-mpc=/builds/idf/crosstool-NG/.build/HOST-x86_64-apple-darwin12/xtensa-esp32s3-elf/buildtools/complibs-host --with-isl=/builds/idf/crosstool-NG/.build/HOST-x86_64-apple-darwin12/xtensa-esp32s3-elf/buildtools/complibs-host --enable-lto --enable-target-optspace --without-long-double-128 --disable-nls --enable-multiarch --enable-languages=c c++ --disable-libstdcxx-verbose --enable-threads=posix --enable-gcov-custom-rtio --enable-libstdcxx-time=yes]
  ignore line: [Thread model: posix]
  ignore line: [Supported LTO compression algorithms: zlib]
  ignore line: [gcc version 11.2.0 (crosstool-NG esp-2022r1) ]
  ignore line: [COLLECT_GCC_OPTIONS='-mlongcalls' '-v' '-o' 'CMakeFiles/cmTC_08f7c.dir/CMakeCXXCompilerABI.cpp.obj' '-c' '-dumpdir' 'CMakeFiles/cmTC_08f7c.dir/']
  ignore line: [ /Users/jeffeehsiung/.espressif/tools/xtensa-esp32s3-elf/esp-2022r1-11.2.0/xtensa-esp32s3-elf/bin/../libexec/gcc/xtensa-esp32s3-elf/11.2.0/cc1plus -quiet -v -iprefix /Users/jeffeehsiung/.espressif/tools/xtensa-esp32s3-elf/esp-2022r1-11.2.0/xtensa-esp32s3-elf/bin/../lib/gcc/xtensa-esp32s3-elf/11.2.0/ /Users/jeffeehsiung/.espressif/tools/cmake/3.24.0/CMake.app/Contents/share/cmake-3.24/Modules/CMakeCXXCompilerABI.cpp -quiet -dumpdir CMakeFiles/cmTC_08f7c.dir/ -dumpbase CMakeCXXCompilerABI.cpp.cpp -dumpbase-ext .cpp -mlongcalls -version -o /var/folders/xf/qvcj3gbs6hz5jjtfq9t5vyf40000gn/T//ccA9f1MR.s]
  ignore line: [GNU C++17 (crosstool-NG esp-2022r1) version 11.2.0 (xtensa-esp32s3-elf)]
  ignore line: [	compiled by GNU C version 8.3.0  GMP version 6.2.1  MPFR version 4.1.0  MPC version 1.2.1  isl version isl-0.24-GMP]
  ignore line: []
  ignore line: [GGC heuristics: --param ggc-min-expand=100 --param ggc-min-heapsize=131072]
  ignore line: [ignoring duplicate directory "/Users/jeffeehsiung/.espressif/tools/xtensa-esp32s3-elf/esp-2022r1-11.2.0/xtensa-esp32s3-elf/bin/../lib/gcc/../../lib/gcc/xtensa-esp32s3-elf/11.2.0/../../../../xtensa-esp32s3-elf/include/c++/11.2.0"]
  ignore line: [ignoring duplicate directory "/Users/jeffeehsiung/.espressif/tools/xtensa-esp32s3-elf/esp-2022r1-11.2.0/xtensa-esp32s3-elf/bin/../lib/gcc/../../lib/gcc/xtensa-esp32s3-elf/11.2.0/../../../../xtensa-esp32s3-elf/include/c++/11.2.0/xtensa-esp32s3-elf"]
  ignore line: [ignoring duplicate directory "/Users/jeffeehsiung/.espressif/tools/xtensa-esp32s3-elf/esp-2022r1-11.2.0/xtensa-esp32s3-elf/bin/../lib/gcc/../../lib/gcc/xtensa-esp32s3-elf/11.2.0/../../../../xtensa-esp32s3-elf/include/c++/11.2.0/backward"]
  ignore line: [ignoring duplicate directory "/Users/jeffeehsiung/.espressif/tools/xtensa-esp32s3-elf/esp-2022r1-11.2.0/xtensa-esp32s3-elf/bin/../lib/gcc/../../lib/gcc/xtensa-esp32s3-elf/11.2.0/include"]
  ignore line: [ignoring duplicate directory "/Users/jeffeehsiung/.espressif/tools/xtensa-esp32s3-elf/esp-2022r1-11.2.0/xtensa-esp32s3-elf/bin/../lib/gcc/../../lib/gcc/xtensa-esp32s3-elf/11.2.0/include-fixed"]
  ignore line: [ignoring duplicate directory "/Users/jeffeehsiung/.espressif/tools/xtensa-esp32s3-elf/esp-2022r1-11.2.0/xtensa-esp32s3-elf/bin/../lib/gcc/../../lib/gcc/xtensa-esp32s3-elf/11.2.0/../../../../xtensa-esp32s3-elf/sys-include"]
  ignore line: [ignoring duplicate directory "/Users/jeffeehsiung/.espressif/tools/xtensa-esp32s3-elf/esp-2022r1-11.2.0/xtensa-esp32s3-elf/bin/../lib/gcc/../../lib/gcc/xtensa-esp32s3-elf/11.2.0/../../../../xtensa-esp32s3-elf/include"]
  ignore line: [#include "..." search starts here:]
  ignore line: [#include <...> search starts here:]
  ignore line: [ /Users/jeffeehsiung/.espressif/tools/xtensa-esp32s3-elf/esp-2022r1-11.2.0/xtensa-esp32s3-elf/bin/../lib/gcc/xtensa-esp32s3-elf/11.2.0/../../../../xtensa-esp32s3-elf/include/c++/11.2.0]
  ignore line: [ /Users/jeffeehsiung/.espressif/tools/xtensa-esp32s3-elf/esp-2022r1-11.2.0/xtensa-esp32s3-elf/bin/../lib/gcc/xtensa-esp32s3-elf/11.2.0/../../../../xtensa-esp32s3-elf/include/c++/11.2.0/xtensa-esp32s3-elf]
  ignore line: [ /Users/jeffeehsiung/.espressif/tools/xtensa-esp32s3-elf/esp-2022r1-11.2.0/xtensa-esp32s3-elf/bin/../lib/gcc/xtensa-esp32s3-elf/11.2.0/../../../../xtensa-esp32s3-elf/include/c++/11.2.0/backward]
  ignore line: [ /Users/jeffeehsiung/.espressif/tools/xtensa-esp32s3-elf/esp-2022r1-11.2.0/xtensa-esp32s3-elf/bin/../lib/gcc/xtensa-esp32s3-elf/11.2.0/include]
  ignore line: [ /Users/jeffeehsiung/.espressif/tools/xtensa-esp32s3-elf/esp-2022r1-11.2.0/xtensa-esp32s3-elf/bin/../lib/gcc/xtensa-esp32s3-elf/11.2.0/include-fixed]
  ignore line: [ /Users/jeffeehsiung/.espressif/tools/xtensa-esp32s3-elf/esp-2022r1-11.2.0/xtensa-esp32s3-elf/bin/../lib/gcc/xtensa-esp32s3-elf/11.2.0/../../../../xtensa-esp32s3-elf/sys-include]
  ignore line: [ /Users/jeffeehsiung/.espressif/tools/xtensa-esp32s3-elf/esp-2022r1-11.2.0/xtensa-esp32s3-elf/bin/../lib/gcc/xtensa-esp32s3-elf/11.2.0/../../../../xtensa-esp32s3-elf/include]
  ignore line: [End of search list.]
  ignore line: [GNU C++17 (crosstool-NG esp-2022r1) version 11.2.0 (xtensa-esp32s3-elf)]
  ignore line: [	compiled by GNU C version 8.3.0  GMP version 6.2.1  MPFR version 4.1.0  MPC version 1.2.1  isl version isl-0.24-GMP]
  ignore line: []
  ignore line: [GGC heuristics: --param ggc-min-expand=100 --param ggc-min-heapsize=131072]
  ignore line: [Compiler executable checksum: 5eb04f52d75f4104c738f486b398e693]
  ignore line: [COLLECT_GCC_OPTIONS='-mlongcalls' '-v' '-o' 'CMakeFiles/cmTC_08f7c.dir/CMakeCXXCompilerABI.cpp.obj' '-c' '-dumpdir' 'CMakeFiles/cmTC_08f7c.dir/']
  ignore line: [ /Users/jeffeehsiung/.espressif/tools/xtensa-esp32s3-elf/esp-2022r1-11.2.0/xtensa-esp32s3-elf/bin/../lib/gcc/xtensa-esp32s3-elf/11.2.0/../../../../xtensa-esp32s3-elf/bin/as --traditional-format --longcalls -o CMakeFiles/cmTC_08f7c.dir/CMakeCXXCompilerABI.cpp.obj /var/folders/xf/qvcj3gbs6hz5jjtfq9t5vyf40000gn/T//ccA9f1MR.s]
  ignore line: [COMPILER_PATH=/Users/jeffeehsiung/.espressif/tools/xtensa-esp32s3-elf/esp-2022r1-11.2.0/xtensa-esp32s3-elf/bin/../libexec/gcc/xtensa-esp32s3-elf/11.2.0/:/Users/jeffeehsiung/.espressif/tools/xtensa-esp32s3-elf/esp-2022r1-11.2.0/xtensa-esp32s3-elf/bin/../libexec/gcc/:/Users/jeffeehsiung/.espressif/tools/xtensa-esp32s3-elf/esp-2022r1-11.2.0/xtensa-esp32s3-elf/bin/../lib/gcc/xtensa-esp32s3-elf/11.2.0/../../../../xtensa-esp32s3-elf/bin/]
  ignore line: [LIBRARY_PATH=/Users/jeffeehsiung/.espressif/tools/xtensa-esp32s3-elf/esp-2022r1-11.2.0/xtensa-esp32s3-elf/bin/../lib/gcc/xtensa-esp32s3-elf/11.2.0/:/Users/jeffeehsiung/.espressif/tools/xtensa-esp32s3-elf/esp-2022r1-11.2.0/xtensa-esp32s3-elf/bin/../lib/gcc/:/Users/jeffeehsiung/.espressif/tools/xtensa-esp32s3-elf/esp-2022r1-11.2.0/xtensa-esp32s3-elf/bin/../lib/gcc/xtensa-esp32s3-elf/11.2.0/../../../../xtensa-esp32s3-elf/lib/]
  ignore line: [COLLECT_GCC_OPTIONS='-mlongcalls' '-v' '-o' 'CMakeFiles/cmTC_08f7c.dir/CMakeCXXCompilerABI.cpp.obj' '-c' '-dumpdir' 'CMakeFiles/cmTC_08f7c.dir/CMakeCXXCompilerABI.cpp.']
  ignore line: [[2/2] Linking CXX executable cmTC_08f7c]
  ignore line: [Using built-in specs.]
  ignore line: [COLLECT_GCC=/Users/jeffeehsiung/.espressif/tools/xtensa-esp32s3-elf/esp-2022r1-11.2.0/xtensa-esp32s3-elf/bin/xtensa-esp32s3-elf-g++]
  ignore line: [COLLECT_LTO_WRAPPER=/Users/jeffeehsiung/.espressif/tools/xtensa-esp32s3-elf/esp-2022r1-11.2.0/xtensa-esp32s3-elf/bin/../libexec/gcc/xtensa-esp32s3-elf/11.2.0/lto-wrapper]
  ignore line: [Target: xtensa-esp32s3-elf]
  ignore line: [Configured with: /builds/idf/crosstool-NG/.build/HOST-x86_64-apple-darwin12/xtensa-esp32s3-elf/src/gcc/configure --build=x86_64-build_pc-linux-gnu --host=x86_64-host_apple-darwin12 --target=xtensa-esp32s3-elf --prefix=/builds/idf/crosstool-NG/builds/xtensa-esp32s3-elf --exec_prefix=/builds/idf/crosstool-NG/builds/xtensa-esp32s3-elf --with-local-prefix=/builds/idf/crosstool-NG/builds/xtensa-esp32s3-elf/xtensa-esp32s3-elf --with-headers=/builds/idf/crosstool-NG/builds/xtensa-esp32s3-elf/xtensa-esp32s3-elf/include --with-newlib --enable-threads=no --disable-shared --with-pkgversion='crosstool-NG esp-2022r1' --disable-__cxa_atexit --enable-cxx-flags=-ffunction-sections --disable-libgomp --disable-libmudflap --disable-libmpx --disable-libssp --disable-libquadmath --disable-libquadmath-support --disable-libstdcxx-verbose --with-gmp=/builds/idf/crosstool-NG/.build/HOST-x86_64-apple-darwin12/xtensa-esp32s3-elf/buildtools/complibs-host --with-mpfr=/builds/idf/crosstool-NG/.build/HOST-x86_64-apple-darwin12/xtensa-esp32s3-elf/buildtools/complibs-host --with-mpc=/builds/idf/crosstool-NG/.build/HOST-x86_64-apple-darwin12/xtensa-esp32s3-elf/buildtools/complibs-host --with-isl=/builds/idf/crosstool-NG/.build/HOST-x86_64-apple-darwin12/xtensa-esp32s3-elf/buildtools/complibs-host --enable-lto --enable-target-optspace --without-long-double-128 --disable-nls --enable-multiarch --enable-languages=c c++ --disable-libstdcxx-verbose --enable-threads=posix --enable-gcov-custom-rtio --enable-libstdcxx-time=yes]
  ignore line: [Thread model: posix]
  ignore line: [Supported LTO compression algorithms: zlib]
  ignore line: [gcc version 11.2.0 (crosstool-NG esp-2022r1) ]
  ignore line: [COMPILER_PATH=/Users/jeffeehsiung/.espressif/tools/xtensa-esp32s3-elf/esp-2022r1-11.2.0/xtensa-esp32s3-elf/bin/../libexec/gcc/xtensa-esp32s3-elf/11.2.0/:/Users/jeffeehsiung/.espressif/tools/xtensa-esp32s3-elf/esp-2022r1-11.2.0/xtensa-esp32s3-elf/bin/../libexec/gcc/:/Users/jeffeehsiung/.espressif/tools/xtensa-esp32s3-elf/esp-2022r1-11.2.0/xtensa-esp32s3-elf/bin/../lib/gcc/xtensa-esp32s3-elf/11.2.0/../../../../xtensa-esp32s3-elf/bin/]
  ignore line: [LIBRARY_PATH=/Users/jeffeehsiung/.espressif/tools/xtensa-esp32s3-elf/esp-2022r1-11.2.0/xtensa-esp32s3-elf/bin/../lib/gcc/xtensa-esp32s3-elf/11.2.0/:/Users/jeffeehsiung/.espressif/tools/xtensa-esp32s3-elf/esp-2022r1-11.2.0/xtensa-esp32s3-elf/bin/../lib/gcc/:/Users/jeffeehsiung/.espressif/tools/xtensa-esp32s3-elf/esp-2022r1-11.2.0/xtensa-esp32s3-elf/bin/../lib/gcc/xtensa-esp32s3-elf/11.2.0/../../../../xtensa-esp32s3-elf/lib/]
  ignore line: [COLLECT_GCC_OPTIONS='-mlongcalls' '-v' '-o' 'cmTC_08f7c' '-dumpdir' 'cmTC_08f7c.']
  link line: [ /Users/jeffeehsiung/.espressif/tools/xtensa-esp32s3-elf/esp-2022r1-11.2.0/xtensa-esp32s3-elf/bin/../libexec/gcc/xtensa-esp32s3-elf/11.2.0/collect2 -plugin /Users/jeffeehsiung/.espressif/tools/xtensa-esp32s3-elf/esp-2022r1-11.2.0/xtensa-esp32s3-elf/bin/../libexec/gcc/xtensa-esp32s3-elf/11.2.0/liblto_plugin.so -plugin-opt=/Users/jeffeehsiung/.espressif/tools/xtensa-esp32s3-elf/esp-2022r1-11.2.0/xtensa-esp32s3-elf/bin/../libexec/gcc/xtensa-esp32s3-elf/11.2.0/lto-wrapper -plugin-opt=-fresolution=/var/folders/xf/qvcj3gbs6hz5jjtfq9t5vyf40000gn/T//cclGEDG7.res -plugin-opt=-pass-through=-lgcc -plugin-opt=-pass-through=-lc -plugin-opt=-pass-through=-lnosys -plugin-opt=-pass-through=-lc -plugin-opt=-pass-through=-lgcc -o cmTC_08f7c /Users/jeffeehsiung/.espressif/tools/xtensa-esp32s3-elf/esp-2022r1-11.2.0/xtensa-esp32s3-elf/bin/../lib/gcc/xtensa-esp32s3-elf/11.2.0/../../../../xtensa-esp32s3-elf/lib/crt0.o /Users/jeffeehsiung/.espressif/tools/xtensa-esp32s3-elf/esp-2022r1-11.2.0/xtensa-esp32s3-elf/bin/../lib/gcc/xtensa-esp32s3-elf/11.2.0/crti.o /Users/jeffeehsiung/.espressif/tools/xtensa-esp32s3-elf/esp-2022r1-11.2.0/xtensa-esp32s3-elf/bin/../lib/gcc/xtensa-esp32s3-elf/11.2.0/crtbegin.o -L/Users/jeffeehsiung/.espressif/tools/xtensa-esp32s3-elf/esp-2022r1-11.2.0/xtensa-esp32s3-elf/bin/../lib/gcc/xtensa-esp32s3-elf/11.2.0 -L/Users/jeffeehsiung/.espressif/tools/xtensa-esp32s3-elf/esp-2022r1-11.2.0/xtensa-esp32s3-elf/bin/../lib/gcc -L/Users/jeffeehsiung/.espressif/tools/xtensa-esp32s3-elf/esp-2022r1-11.2.0/xtensa-esp32s3-elf/bin/../lib/gcc/xtensa-esp32s3-elf/11.2.0/../../../../xtensa-esp32s3-elf/lib CMakeFiles/cmTC_08f7c.dir/CMakeCXXCompilerABI.cpp.obj -lstdc++ -lm -lgcc -lc -lnosys -lc -lgcc /Users/jeffeehsiung/.espressif/tools/xtensa-esp32s3-elf/esp-2022r1-11.2.0/xtensa-esp32s3-elf/bin/../lib/gcc/xtensa-esp32s3-elf/11.2.0/crtend.o /Users/jeffeehsiung/.espressif/tools/xtensa-esp32s3-elf/esp-2022r1-11.2.0/xtensa-esp32s3-elf/bin/../lib/gcc/xtensa-esp32s3-elf/11.2.0/crtn.o]
    arg [/Users/jeffeehsiung/.espressif/tools/xtensa-esp32s3-elf/esp-2022r1-11.2.0/xtensa-esp32s3-elf/bin/../libexec/gcc/xtensa-esp32s3-elf/11.2.0/collect2] ==> ignore
    arg [-plugin] ==> ignore
    arg [/Users/jeffeehsiung/.espressif/tools/xtensa-esp32s3-elf/esp-2022r1-11.2.0/xtensa-esp32s3-elf/bin/../libexec/gcc/xtensa-esp32s3-elf/11.2.0/liblto_plugin.so] ==> ignore
    arg [-plugin-opt=/Users/jeffeehsiung/.espressif/tools/xtensa-esp32s3-elf/esp-2022r1-11.2.0/xtensa-esp32s3-elf/bin/../libexec/gcc/xtensa-esp32s3-elf/11.2.0/lto-wrapper] ==> ignore
    arg [-plugin-opt=-fresolution=/var/folders/xf/qvcj3gbs6hz5jjtfq9t5vyf40000gn/T//cclGEDG7.res] ==> ignore
    arg [-plugin-opt=-pass-through=-lgcc] ==> ignore
    arg [-plugin-opt=-pass-through=-lc] ==> ignore
    arg [-plugin-opt=-pass-through=-lnosys] ==> ignore
    arg [-plugin-opt=-pass-through=-lc] ==> ignore
    arg [-plugin-opt=-pass-through=-lgcc] ==> ignore
    arg [-o] ==> ignore
    arg [cmTC_08f7c] ==> ignore
    arg [/Users/jeffeehsiung/.espressif/tools/xtensa-esp32s3-elf/esp-2022r1-11.2.0/xtensa-esp32s3-elf/bin/../lib/gcc/xtensa-esp32s3-elf/11.2.0/../../../../xtensa-esp32s3-elf/lib/crt0.o] ==> obj [/Users/jeffeehsiung/.espressif/tools/xtensa-esp32s3-elf/esp-2022r1-11.2.0/xtensa-esp32s3-elf/bin/../lib/gcc/xtensa-esp32s3-elf/11.2.0/../../../../xtensa-esp32s3-elf/lib/crt0.o]
    arg [/Users/jeffeehsiung/.espressif/tools/xtensa-esp32s3-elf/esp-2022r1-11.2.0/xtensa-esp32s3-elf/bin/../lib/gcc/xtensa-esp32s3-elf/11.2.0/crti.o] ==> obj [/Users/jeffeehsiung/.espressif/tools/xtensa-esp32s3-elf/esp-2022r1-11.2.0/xtensa-esp32s3-elf/bin/../lib/gcc/xtensa-esp32s3-elf/11.2.0/crti.o]
    arg [/Users/jeffeehsiung/.espressif/tools/xtensa-esp32s3-elf/esp-2022r1-11.2.0/xtensa-esp32s3-elf/bin/../lib/gcc/xtensa-esp32s3-elf/11.2.0/crtbegin.o] ==> obj [/Users/jeffeehsiung/.espressif/tools/xtensa-esp32s3-elf/esp-2022r1-11.2.0/xtensa-esp32s3-elf/bin/../lib/gcc/xtensa-esp32s3-elf/11.2.0/crtbegin.o]
    arg [-L/Users/jeffeehsiung/.espressif/tools/xtensa-esp32s3-elf/esp-2022r1-11.2.0/xtensa-esp32s3-elf/bin/../lib/gcc/xtensa-esp32s3-elf/11.2.0] ==> dir [/Users/jeffeehsiung/.espressif/tools/xtensa-esp32s3-elf/esp-2022r1-11.2.0/xtensa-esp32s3-elf/bin/../lib/gcc/xtensa-esp32s3-elf/11.2.0]
    arg [-L/Users/jeffeehsiung/.espressif/tools/xtensa-esp32s3-elf/esp-2022r1-11.2.0/xtensa-esp32s3-elf/bin/../lib/gcc] ==> dir [/Users/jeffeehsiung/.espressif/tools/xtensa-esp32s3-elf/esp-2022r1-11.2.0/xtensa-esp32s3-elf/bin/../lib/gcc]
    arg [-L/Users/jeffeehsiung/.espressif/tools/xtensa-esp32s3-elf/esp-2022r1-11.2.0/xtensa-esp32s3-elf/bin/../lib/gcc/xtensa-esp32s3-elf/11.2.0/../../../../xtensa-esp32s3-elf/lib] ==> dir [/Users/jeffeehsiung/.espressif/tools/xtensa-esp32s3-elf/esp-2022r1-11.2.0/xtensa-esp32s3-elf/bin/../lib/gcc/xtensa-esp32s3-elf/11.2.0/../../../../xtensa-esp32s3-elf/lib]
    arg [CMakeFiles/cmTC_08f7c.dir/CMakeCXXCompilerABI.cpp.obj] ==> ignore
    arg [-lstdc++] ==> lib [stdc++]
    arg [-lm] ==> lib [m]
    arg [-lgcc] ==> lib [gcc]
    arg [-lc] ==> lib [c]
    arg [-lnosys] ==> lib [nosys]
    arg [-lc] ==> lib [c]
    arg [-lgcc] ==> lib [gcc]
    arg [/Users/jeffeehsiung/.espressif/tools/xtensa-esp32s3-elf/esp-2022r1-11.2.0/xtensa-esp32s3-elf/bin/../lib/gcc/xtensa-esp32s3-elf/11.2.0/crtend.o] ==> obj [/Users/jeffeehsiung/.espressif/tools/xtensa-esp32s3-elf/esp-2022r1-11.2.0/xtensa-esp32s3-elf/bin/../lib/gcc/xtensa-esp32s3-elf/11.2.0/crtend.o]
    arg [/Users/jeffeehsiung/.espressif/tools/xtensa-esp32s3-elf/esp-2022r1-11.2.0/xtensa-esp32s3-elf/bin/../lib/gcc/xtensa-esp32s3-elf/11.2.0/crtn.o] ==> obj [/Users/jeffeehsiung/.espressif/tools/xtensa-esp32s3-elf/esp-2022r1-11.2.0/xtensa-esp32s3-elf/bin/../lib/gcc/xtensa-esp32s3-elf/11.2.0/crtn.o]
  collapse obj [/Users/jeffeehsiung/.espressif/tools/xtensa-esp32s3-elf/esp-2022r1-11.2.0/xtensa-esp32s3-elf/bin/../lib/gcc/xtensa-esp32s3-elf/11.2.0/../../../../xtensa-esp32s3-elf/lib/crt0.o] ==> [/Users/jeffeehsiung/.espressif/tools/xtensa-esp32s3-elf/esp-2022r1-11.2.0/xtensa-esp32s3-elf/xtensa-esp32s3-elf/lib/crt0.o]
  collapse obj [/Users/jeffeehsiung/.espressif/tools/xtensa-esp32s3-elf/esp-2022r1-11.2.0/xtensa-esp32s3-elf/bin/../lib/gcc/xtensa-esp32s3-elf/11.2.0/crti.o] ==> [/Users/jeffeehsiung/.espressif/tools/xtensa-esp32s3-elf/esp-2022r1-11.2.0/xtensa-esp32s3-elf/lib/gcc/xtensa-esp32s3-elf/11.2.0/crti.o]
  collapse obj [/Users/jeffeehsiung/.espressif/tools/xtensa-esp32s3-elf/esp-2022r1-11.2.0/xtensa-esp32s3-elf/bin/../lib/gcc/xtensa-esp32s3-elf/11.2.0/crtbegin.o] ==> [/Users/jeffeehsiung/.espressif/tools/xtensa-esp32s3-elf/esp-2022r1-11.2.0/xtensa-esp32s3-elf/lib/gcc/xtensa-esp32s3-elf/11.2.0/crtbegin.o]
  collapse obj [/Users/jeffeehsiung/.espressif/tools/xtensa-esp32s3-elf/esp-2022r1-11.2.0/xtensa-esp32s3-elf/bin/../lib/gcc/xtensa-esp32s3-elf/11.2.0/crtend.o] ==> [/Users/jeffeehsiung/.espressif/tools/xtensa-esp32s3-elf/esp-2022r1-11.2.0/xtensa-esp32s3-elf/lib/gcc/xtensa-esp32s3-elf/11.2.0/crtend.o]
  collapse obj [/Users/jeffeehsiung/.espressif/tools/xtensa-esp32s3-elf/esp-2022r1-11.2.0/xtensa-esp32s3-elf/bin/../lib/gcc/xtensa-esp32s3-elf/11.2.0/crtn.o] ==> [/Users/jeffeehsiung/.espressif/tools/xtensa-esp32s3-elf/esp-2022r1-11.2.0/xtensa-esp32s3-elf/lib/gcc/xtensa-esp32s3-elf/11.2.0/crtn.o]
  collapse library dir [/Users/jeffeehsiung/.espressif/tools/xtensa-esp32s3-elf/esp-2022r1-11.2.0/xtensa-esp32s3-elf/bin/../lib/gcc/xtensa-esp32s3-elf/11.2.0] ==> [/Users/jeffeehsiung/.espressif/tools/xtensa-esp32s3-elf/esp-2022r1-11.2.0/xtensa-esp32s3-elf/lib/gcc/xtensa-esp32s3-elf/11.2.0]
  collapse library dir [/Users/jeffeehsiung/.espressif/tools/xtensa-esp32s3-elf/esp-2022r1-11.2.0/xtensa-esp32s3-elf/bin/../lib/gcc] ==> [/Users/jeffeehsiung/.espressif/tools/xtensa-esp32s3-elf/esp-2022r1-11.2.0/xtensa-esp32s3-elf/lib/gcc]
  collapse library dir [/Users/jeffeehsiung/.espressif/tools/xtensa-esp32s3-elf/esp-2022r1-11.2.0/xtensa-esp32s3-elf/bin/../lib/gcc/xtensa-esp32s3-elf/11.2.0/../../../../xtensa-esp32s3-elf/lib] ==> [/Users/jeffeehsiung/.espressif/tools/xtensa-esp32s3-elf/esp-2022r1-11.2.0/xtensa-esp32s3-elf/xtensa-esp32s3-elf/lib]
  implicit libs: [stdc++;m;gcc;c;nosys;c;gcc]
  implicit objs: [/Users/jeffeehsiung/.espressif/tools/xtensa-esp32s3-elf/esp-2022r1-11.2.0/xtensa-esp32s3-elf/xtensa-esp32s3-elf/lib/crt0.o;/Users/jeffeehsiung/.espressif/tools/xtensa-esp32s3-elf/esp-2022r1-11.2.0/xtensa-esp32s3-elf/lib/gcc/xtensa-esp32s3-elf/11.2.0/crti.o;/Users/jeffeehsiung/.espressif/tools/xtensa-esp32s3-elf/esp-2022r1-11.2.0/xtensa-esp32s3-elf/lib/gcc/xtensa-esp32s3-elf/11.2.0/crtbegin.o;/Users/jeffeehsiung/.espressif/tools/xtensa-esp32s3-elf/esp-2022r1-11.2.0/xtensa-esp32s3-elf/lib/gcc/xtensa-esp32s3-elf/11.2.0/crtend.o;/Users/jeffeehsiung/.espressif/tools/xtensa-esp32s3-elf/esp-2022r1-11.2.0/xtensa-esp32s3-elf/lib/gcc/xtensa-esp32s3-elf/11.2.0/crtn.o]
  implicit dirs: [/Users/jeffeehsiung/.espressif/tools/xtensa-esp32s3-elf/esp-2022r1-11.2.0/xtensa-esp32s3-elf/lib/gcc/xtensa-esp32s3-elf/11.2.0;/Users/jeffeehsiung/.espressif/tools/xtensa-esp32s3-elf/esp-2022r1-11.2.0/xtensa-esp32s3-elf/lib/gcc;/Users/jeffeehsiung/.espressif/tools/xtensa-esp32s3-elf/esp-2022r1-11.2.0/xtensa-esp32s3-elf/xtensa-esp32s3-elf/lib]
  implicit fwks: []


Determining if the include file sys/types.h exists passed with the following output:
Change Dir: /Users/jeffeehsiung/Desktop/Esp32/espnow_public/build/bootloader/CMakeFiles/CMakeTmp

Run Build Command(s):/Users/jeffeehsiung/.espressif/tools/ninja/1.10.2/ninja cmTC_86604 && [1/2] Building C object CMakeFiles/cmTC_86604.dir/CheckIncludeFile.c.obj
[2/2] Linking C executable cmTC_86604



Determining if the include file stdint.h exists passed with the following output:
Change Dir: /Users/jeffeehsiung/Desktop/Esp32/espnow_public/build/bootloader/CMakeFiles/CMakeTmp

Run Build Command(s):/Users/jeffeehsiung/.espressif/tools/ninja/1.10.2/ninja cmTC_26b52 && [1/2] Building C object CMakeFiles/cmTC_26b52.dir/CheckIncludeFile.c.obj
[2/2] Linking C executable cmTC_26b52



Determining if the include file stddef.h exists passed with the following output:
Change Dir: /Users/jeffeehsiung/Desktop/Esp32/espnow_public/build/bootloader/CMakeFiles/CMakeTmp

Run Build Command(s):/Users/jeffeehsiung/.espressif/tools/ninja/1.10.2/ninja cmTC_40ec7 && [1/2] Building C object CMakeFiles/cmTC_40ec7.dir/CheckIncludeFile.c.obj
[2/2] Linking C executable cmTC_40ec7



Determining size of time_t passed with the following output:
Change Dir: /Users/jeffeehsiung/Desktop/Esp32/espnow_public/build/bootloader/CMakeFiles/CMakeTmp

Run Build Command(s):/Users/jeffeehsiung/.espressif/tools/ninja/1.10.2/ninja cmTC_96dc7 && [1/2] Building C object CMakeFiles/cmTC_96dc7.dir/TIME_T_SIZE.c.obj
[2/2] Linking C executable cmTC_96dc7



